TN:
SF:contracts\Counter.sol
BRDA:15,0,ade3f9e3b830a8694b18c82111446536c001d1146e5739705b65a3f9ffef4eb1,1
BRDA:11,0,ff39ff97119efe3c409c6a7aa2a2f8e41f5f4a095e363344242f015eb0737c58,217
BRDA:10,0,f26c9b620f4a5c0b9f8b2add6c1bcb376e6f947991535952d684a514f46e5667,217
BRDA:16,0,ddfb987e684dfbfe06247c4ccf5ac4156e63da2de3e353c0597ddf1b9b9fa206,-
BRDA:17,0,719b57bff6df13562ff5d01797f02538478f20e93553a90850626bd377ca1969,-
BRH:3
BRF:5
DA:15,1
DA:11,217
DA:10,217
DA:16,0
DA:17,0
LH:3
LF:5
end_of_record
SF:contracts\EthioCoin.sol
BRDA:9,0,d083e1308431bebae441bd016c1128aa9cb60e61d4ea5624d9ddc3678debbcfa,1
BRH:1
BRF:1
DA:9,1
LH:1
LF:1
end_of_record
SF:contracts\RewardVault.sol
BRDA:22,0,710794b52e89bfe15f827d6b5b3f0c4c59af8376d6c0f006f4029ab22e6da0d0,-
BRDA:23,0,139fc66590c37eb721b2b7524507143bdf6c9846726df68dc650be4003283bf4,-
BRDA:24,0,53dbcca665b99bd23556473d473d354fdfe9d34018719abb08179fddf9e90dca,-
BRDA:25,0,b8ce7c63053ac5c5db289b8c057834bc95a1bcd1bbf32eb534cca70b796da46a,-
BRDA:29,0,1944c61d3194e2ae72bba8180ae6ce84c82cadd8d8ef8ce708baaabb9cdaf4d0,-
BRDA:30,0,1944c61d3194e2ae72bba8180ae6ce84c82cadd8d8ef8ce708baaabb9cdaf4d0,-
BRDA:31,0,1944c61d3194e2ae72bba8180ae6ce84c82cadd8d8ef8ce708baaabb9cdaf4d0,-
BRDA:32,0,1944c61d3194e2ae72bba8180ae6ce84c82cadd8d8ef8ce708baaabb9cdaf4d0,-
BRDA:29,0,fa5dd876fde9e47708ba5554509f2391fe7f8c77a3a34ac94deeecbf112956d6,-
BRDA:30,0,fa5dd876fde9e47708ba5554509f2391fe7f8c77a3a34ac94deeecbf112956d6,-
BRDA:31,0,fa5dd876fde9e47708ba5554509f2391fe7f8c77a3a34ac94deeecbf112956d6,-
BRDA:32,0,fa5dd876fde9e47708ba5554509f2391fe7f8c77a3a34ac94deeecbf112956d6,-
BRDA:30,0,26641688f75be505259b5aa690d3350e2eb96c38199611231fe8cf09998f6d67,-
BRDA:31,0,1af8a9a6067b194db938f68d11b55d148a496555a5ef677f81cb897a011bffa7,-
BRDA:33,0,7d937162d38a1cbfb4cc6d45de63f60c4c2b7885d0c4ab52ae8a02b1ec81d29b,-
BRDA:34,0,d89920741a8f3cc9ccf328e8eaff599072675ad6497bbc25b53c95c20109106f,-
BRDA:35,0,076bf5657d8c12871ac7791305050afcd2e06c7a24997ee9b3b20258cfe903f8,-
BRDA:36,0,03438e605978cd5cde5151a212c4d0f167f148c3694488103b924a0cd5d743c2,-
BRDA:40,0,ce11a0c9b342b91c28a9ef379f79a0c137fe5f9b13a31eaaf8cc98d2a28bc253,-
BRDA:41,0,7da2a7203d7635a85fd8177c147223e8fd8e7eb86453629e3c526eadbe4d3cc6,-
BRDA:42,0,ed6fc8d9427a7acc41ab02629720d524a6825aa0951871b6f75720ed30bd3190,-
BRDA:43,0,4ea775d041bd736ee12d418fdea153d7fe82327bb17a539951bd399a809a24ed,-
BRDA:44,0,4ea775d041bd736ee12d418fdea153d7fe82327bb17a539951bd399a809a24ed,-
BRDA:45,0,4ea775d041bd736ee12d418fdea153d7fe82327bb17a539951bd399a809a24ed,-
BRDA:46,0,4ea775d041bd736ee12d418fdea153d7fe82327bb17a539951bd399a809a24ed,-
BRDA:43,0,75021ae49b8e1231d119cd52f858b6d02c185766dbace72a4521fe74f0d622d4,-
BRDA:44,0,75021ae49b8e1231d119cd52f858b6d02c185766dbace72a4521fe74f0d622d4,-
BRDA:45,0,75021ae49b8e1231d119cd52f858b6d02c185766dbace72a4521fe74f0d622d4,-
BRDA:46,0,75021ae49b8e1231d119cd52f858b6d02c185766dbace72a4521fe74f0d622d4,-
BRDA:44,0,48d84c32db016490c4ed867945b83ab12ded6714acffc7a5034797287d4e4a67,-
BRDA:45,0,e310fcd52c78557f5a3c1f6dbdcef2d9f07dece0116671fcbae6ef5dc4a89756,-
BRDA:45,0,9fba60140e5988effcacdc1d5c1d29b0aa07c588e3ac7077ea1ae40ccf9aa550,-
BRDA:47,0,4fec5fd844270b02aa73e526f17668860f655efa50eaafb43230e55979fa8a6f,-
BRDA:48,0,4fec5fd844270b02aa73e526f17668860f655efa50eaafb43230e55979fa8a6f,-
BRDA:49,0,bcfae49c42c5399b2f4af2ba827230296946976cecd94311913545a90e90d37c,-
BRDA:50,0,0b94fc1579000e1dc396299249427baaffdf723b9eb7833b6c5136eb72faa344,-
BRDA:51,0,90ddebea75ca7cba630a117ad6ad81d59b60df81d4a216794293ec06ce9f05a0,-
BRDA:55,0,1ae904f9d8101192ff55e171f34d033d0fd53f502c5105236346e31696b2ef49,-
BRDA:56,0,98c0c213d033127de65c5941b909bf3414d5a580952960ca4463b3a21f6606a0,-
BRDA:57,0,4792a6a485367ce67a254c81b5c893b625ca7a8590e6af49e356ee365ae049b5,-
BRDA:58,0,b333ca5b0fc103b0f9bc41238d37bec531216d34dfb56c5504600701edfcc32e,-
BRDA:59,0,25e7e82f0bbca730857f879c05267450d9739d9de4ebf536ccb092d2d0e27e28,-
BRDA:60,0,25e7e82f0bbca730857f879c05267450d9739d9de4ebf536ccb092d2d0e27e28,-
BRDA:61,0,e2581ba595902c41355831b9398d932a41471dcfc24f34a9ef46d8a4013d5832,-
BRDA:61,0,d5ccafe008c97ac838e57b95b2136d26b4896094795c71f727617cf1d4966e6c,-
BRDA:62,0,95d6dc2ccc6db8b72df2d2c1f4c5d7d0bb203803d93331cd3195f20c02649744,-
BRDA:63,0,95d6dc2ccc6db8b72df2d2c1f4c5d7d0bb203803d93331cd3195f20c02649744,-
BRDA:64,0,aaa250aef0d2b13e5ecfa64e85c97451378b30ef2c8669d8766b4e535ff12fcd,-
BRDA:65,0,4ddf3c6a41afd3a58e1c01cf51cc6c7f520a0e7a4870bf5dbffc6d9b2ec5bc86,-
BRDA:66,0,07fa3dc2c7228c3c056e1a0a4a73b22526508d5cc11e28e7ca9c2446d882b1b5,-
BRH:0
BRF:50
DA:22,0
DA:23,0
DA:24,0
DA:25,0
DA:29,0
DA:30,0
DA:31,0
DA:32,0
DA:33,0
DA:34,0
DA:35,0
DA:36,0
DA:40,0
DA:41,0
DA:42,0
DA:43,0
DA:44,0
DA:45,0
DA:46,0
DA:47,0
DA:48,0
DA:49,0
DA:50,0
DA:51,0
DA:55,0
DA:56,0
DA:57,0
DA:58,0
DA:59,0
DA:60,0
DA:61,0
DA:62,0
DA:63,0
DA:64,0
DA:65,0
DA:66,0
LH:0
LF:36
end_of_record
SF:contracts\Treasure.sol
BRDA:18,0,df8c758d0c273718f32085cf85d4c9c43623c67aabbfb04e42d4df0e804b090c,-
BRDA:19,0,f958fc43791ce3834432b304d7ea900a23bd8e4b44d42dc2878164c28c167a1b,-
BRDA:20,0,c332bfa6c3580ca5bd58cf8ecfe3da6e0ebb67fac4c6bd96448dee642541697a,-
BRDA:24,0,59989e36119204ff95fdcafa2e95a34bd2fce6a415ce580a69cbafd6f3d89d0b,-
BRDA:28,0,7eec4715a234f245934ae1e61e88fd8d96beace52cc0c8c4c9268bf530259bd6,-
BRDA:29,0,184c78f68bad1e80f02ef62afc98ba4f0fb0db66611a9fd90dc2fc35a21b1fdf,-
BRDA:33,0,aad31ffa91964a4f28e071f66b27c55508ebaaa8f5be2a65c0736a791d1baac0,-
BRDA:36,0,752e76c8353afc842ef399bd58374d2e6c8fe67430f6636f03a49cf3a1a0d44b,-
BRDA:40,0,12b1165d19d8eee26512898b42530081a0952d0198b3eccb8e09fc41008cd8b4,-
BRDA:41,0,0310811e10256dffc425bfddd11f7751576976046bef5c8f9813586920e2f543,-
BRDA:42,0,584dcaa9b2f1784fad0c09a03407ef7f2857572e1873b443f82786d80cf54b97,-
BRDA:46,0,0c69e0a06bf3f8b1a2ca96feb607f8008688b3faf704f14593247aa5c57534f8,-
BRDA:47,0,3bde315baab23a9721fca14323b5692b611c6441eb8b15b3faaa84ca6f7195e4,-
BRDA:48,0,b57c175e56b747f55bd5facbd24f1bd0805f46fea9fb4cbc6e2e309982ecd5c4,-
BRDA:51,0,04964eef578c0fc48a15dbc4372b680b23b4c5ac4ba643dcda9dd88f3deccc94,-
BRDA:52,0,1df21520808e0b9fc3368038bb0c5d03ebf30938b2aa986eadbe8ffb0a4bb91b,-
BRDA:53,0,32323a2219be80cf9eb3ad56272e7fc425c933a55a0ea00716aba67c57143b04,-
BRDA:54,0,a0eb59497378bfbb6b0bb089858f2e47a6daa9555d566abe6c79d10141927836,-
BRDA:57,0,11abb4b09b1f28b5e195e4ae9a14c24255f64ceb005cadf1375f2d406545cd37,-
BRDA:58,0,bab5a15f8cff632c6d80df9f695bcaf6b4c6689f5a0b51b3c5c7fab07e1461a6,-
BRDA:62,0,3342b5c60a7af0cb6908a9b448c6538f542a58f956e652a5f7eb28a97ecdec35,-
BRDA:63,0,634ffe229d0e02b1065c09118e221f15bcadb3758745e661a960467c6cc36a94,-
BRDA:64,0,634ffe229d0e02b1065c09118e221f15bcadb3758745e661a960467c6cc36a94,-
BRDA:65,0,74a0002ac4eab21cdaace25eb2be051e2c546af005d0910f87c539200385913e,-
BRDA:66,0,0a4dc12ab3131610c433d66e3d212d1e7f5d3800e506bed8eef1c885522ab3bc,-
BRDA:67,0,14dccb9e5827a2e59d0d7eff557469fc2fa0759e03c7f458321513ebd1d590e7,-
BRDA:68,0,14dccb9e5827a2e59d0d7eff557469fc2fa0759e03c7f458321513ebd1d590e7,-
BRDA:69,0,ae6d57d911675ac9afe4d06eb1a9d0813dee012d3a46fde1819afbda2ba2c417,-
BRDA:70,0,ae6d57d911675ac9afe4d06eb1a9d0813dee012d3a46fde1819afbda2ba2c417,-
BRDA:71,0,ae6d57d911675ac9afe4d06eb1a9d0813dee012d3a46fde1819afbda2ba2c417,-
BRDA:72,0,ae6d57d911675ac9afe4d06eb1a9d0813dee012d3a46fde1819afbda2ba2c417,-
BRDA:73,0,ae6d57d911675ac9afe4d06eb1a9d0813dee012d3a46fde1819afbda2ba2c417,-
BRDA:74,0,ae6d57d911675ac9afe4d06eb1a9d0813dee012d3a46fde1819afbda2ba2c417,-
BRDA:75,0,ae6d57d911675ac9afe4d06eb1a9d0813dee012d3a46fde1819afbda2ba2c417,-
BRDA:76,0,ae6d57d911675ac9afe4d06eb1a9d0813dee012d3a46fde1819afbda2ba2c417,-
BRDA:80,0,396e35da7b66b51d80095159fdf4f8cb5948d2e2ebe74e8c8e37e6d4f80c3610,-
BRDA:81,0,c5a4a3e76914cbee9b9c51d5aa25ad850e958f5e84d9ba87006d99abed305c33,-
BRDA:82,0,c5a4a3e76914cbee9b9c51d5aa25ad850e958f5e84d9ba87006d99abed305c33,-
BRDA:83,0,6b0479512912f655bf2206e7044698156d444897c69c1c593a3362fb0ad53bd8,-
BRDA:84,0,1be4620a16cff7cf1b78baa3adb5703c9a284d8d0bf0f9bd65be4dbeb9bc19ec,-
BRDA:85,0,11defd4ee3c98cbd51ada11c19eee495a7758b1a1d6aa10ca0856d9f2159b6f8,-
BRDA:86,0,11defd4ee3c98cbd51ada11c19eee495a7758b1a1d6aa10ca0856d9f2159b6f8,-
BRDA:87,0,2b28f1c871ae021c3bda1465ba3043e19397feadb07a4a716329b8a5f997ad4c,-
BRDA:88,0,2b28f1c871ae021c3bda1465ba3043e19397feadb07a4a716329b8a5f997ad4c,-
BRDA:89,0,2b28f1c871ae021c3bda1465ba3043e19397feadb07a4a716329b8a5f997ad4c,-
BRDA:90,0,2b28f1c871ae021c3bda1465ba3043e19397feadb07a4a716329b8a5f997ad4c,-
BRDA:91,0,2b28f1c871ae021c3bda1465ba3043e19397feadb07a4a716329b8a5f997ad4c,-
BRDA:92,0,2b28f1c871ae021c3bda1465ba3043e19397feadb07a4a716329b8a5f997ad4c,-
BRDA:93,0,2b28f1c871ae021c3bda1465ba3043e19397feadb07a4a716329b8a5f997ad4c,-
BRDA:94,0,2b28f1c871ae021c3bda1465ba3043e19397feadb07a4a716329b8a5f997ad4c,-
BRDA:97,0,8b3adec1156a17c85716765f28eeefd4feee7e385292ccf856b43c4d2b1f78ac,-
BRDA:98,0,cadc4d6d0950e8aa2169b2032ecf627d6f0357e267b6cc3d68d83cf3b01ee5fc,-
BRH:0
BRF:52
DA:18,0
DA:19,0
DA:20,0
DA:24,0
DA:28,0
DA:29,0
DA:33,0
DA:36,0
DA:40,0
DA:41,0
DA:42,0
DA:46,0
DA:47,0
DA:48,0
DA:51,0
DA:52,0
DA:53,0
DA:54,0
DA:57,0
DA:58,0
DA:62,0
DA:63,0
DA:64,0
DA:65,0
DA:66,0
DA:67,0
DA:68,0
DA:69,0
DA:70,0
DA:71,0
DA:72,0
DA:73,0
DA:74,0
DA:75,0
DA:76,0
DA:80,0
DA:81,0
DA:82,0
DA:83,0
DA:84,0
DA:85,0
DA:86,0
DA:87,0
DA:88,0
DA:89,0
DA:90,0
DA:91,0
DA:92,0
DA:93,0
DA:94,0
DA:97,0
DA:98,0
LH:0
LF:52
end_of_record
SF:contracts\ReputationToken.sol
BRDA:10,0,ddff90521b52d484c6bf8d50fa1fdfd73b7092b73a00b1f2b42f38eeabcf9b19,-
BRDA:14,0,d473fa98ed7dac55e64f7c8d2fed2f8ddfb84b19b0fb3442567128882aeed906,-
BRDA:18,0,7a664df5c990766091c3cc9cba0670f118877e7acd221bd898de239d30519711,-
BRH:0
BRF:3
DA:10,0
DA:14,0
DA:18,0
LH:0
LF:3
end_of_record
SF:contracts\JobPayingSystem.sol
BRDA:75,0,6c0bf930a3cc542fb99cf60920e9d039943243d79cfb23f3e8a3a842e23d4fe5,-
BRDA:76,0,9fa7b368ed505f178a3a7ed777f44bb84bc3e5fe07e2d6445bbe229b07bd487c,-
BRDA:81,0,f9a799e8f41a24914b6baf55decf0ec98dce85aba4a2ad3b41505bc308cb74ba,-
BRDA:82,0,abc125b0b8fb6e87baaf2dc48819bb8303f989993705062450da62aa23ab4ca5,-
BRDA:82,0,00e75dc2dfdd90df27b92c02a76ead23f633e179d38fd0625570d5925719fea0,-
BRDA:86,0,25a6a889cb8c768af6ffd304ac3a10112fe2112ba5e7af227979c6466f21ab20,-
BRDA:90,0,4e296b24a07004059d8a04b1cc7deb28b3701db726724b7463a4f5a78a1b41c8,-
BRDA:97,0,115fd39a166117e1db145bbcfdce05dac0d8ece7d79cbed6cf1cb2bd49dcf434,-
BRDA:98,0,e6f4a8e071337258135caffd11512783eb805963a53d518c2fdf6e1218d1f306,-
BRDA:99,0,114b0b767cac96eb01f445fb76497f988d87d9449989bdf01e2b358e8d7a2641,-
BRDA:100,0,fe53e4d0631cf3ec3bc92be53dfb0bc411418b989922ebc0809acb0ca7b487f2,-
BRDA:101,0,fe53e4d0631cf3ec3bc92be53dfb0bc411418b989922ebc0809acb0ca7b487f2,-
BRDA:102,0,204346599eb433f288a010c40e0c02fea94ca62b2b25058441cd83ed3558beaa,-
BRDA:103,0,0b05b8801888ac8c8873fee304565f98c573c0ba2c11f994c86ee4c264f70370,-
BRDA:104,0,605678d77e0d1d347713907c0eb4ccd54da595fd4655a53399275d56480c6172,-
BRDA:105,0,54575bba84cf5c3213a7587bb444669e58203a3ea45241199b04829c901b3ab5,-
BRDA:106,0,9fdf3314bde82d1f6daa6917be4a7a79fb70a6a42fd87df9d0a2bce32e3a0b75,-
BRDA:107,0,07852716dce1ad395327d4e493de9e9b8fea56f580b859cc705d87458020a586,-
BRDA:108,0,6bc8c9eafe1913d25d1ca8b58062334385698dc76b580775fd57daee42e8e5f3,-
BRDA:109,0,477a76157bc5fb00d2630cfbc9d2d446b8a14b030b1c50a5462b94fc284fe560,-
BRDA:110,0,1220100640930e6ca0e91486400e43e97a1bc43ee0b49c074004e03d769220e4,-
BRDA:111,0,e43374360ed9f788ddc20baddc166244ecdda7cf55a1eecbef15c71f4073bc1b,-
BRDA:112,0,60c34048e32c2b998375398b7781e24c7db2a7468b655e92b1535c01937f6b85,-
BRDA:113,0,7f230bc1b00d5650a26097b1c876107fd9896d83b43c38cf8e72d6b2f83f7d8f,-
BRDA:114,0,7f230bc1b00d5650a26097b1c876107fd9896d83b43c38cf8e72d6b2f83f7d8f,-
BRDA:115,0,02074683f45b1695797aa65d4d9c3b4bfa05125701fffff86c046e81cee59f50,-
BRDA:116,0,a457f39679b9bb3e6f3abf266bb1ab261042dd9952c861bf8e3d5327c5821f7c,-
BRDA:117,0,45bbe0d0b9655c2c014c5dab97bfdcd4a0970a37114c7a75d62aac5ae02e215a,-
BRDA:118,0,cefea8d827755dbf6d690e0fbe57ae36ef9115008a8d84da9fe009b6f3cc210e,-
BRDA:119,0,ffa67c652162f73e9fe049912faf70124e97eb2ffd6d7edb59f94b3c6c927d8b,-
BRDA:120,0,ad71c84670a25a4cb1d37dc22a368984d335571f18ec958181c9d7c942ded525,-
BRDA:121,0,60746306c54a886a51668601b2f04c06f3df12b582b5210c0b9ba84636807a61,-
BRDA:122,0,60746306c54a886a51668601b2f04c06f3df12b582b5210c0b9ba84636807a61,-
BRDA:123,0,481a1adb94bba71d75bf761039ae64bb1fae65d6a083f75f9b5d0113287ebf31,-
BRDA:127,0,f285752a2f608b8eab71b43127a6323b4d235d33e7e486f356bb15f577c04ccd,-
BRDA:128,0,82eb724d45cbafbe465f2ff41701ee88abc99dac1ef4bac09ab4edb4ce60ef88,-
BRDA:129,0,31875b666fdad59b744311439a869ad54521ee43150cfdeca7178d27094f03f8,-
BRDA:130,0,0b3389dbdf58298096a7837b9a1f57df2f213f1ecad9991d66c6c0d509629567,-
BRDA:131,0,9699b5b633f7ce7602a63a3c0fde1485c8a1a77f29ba6865fdd30c20678a8c2f,-
BRDA:132,0,8324cd4e5357a9ab80e055214e5f4f044f9e34380bc36ab8ef694d85ccc1603e,-
BRDA:132,0,a88e41c8bc7e735a1589d7659688446442b416dd2e943944e0b451a4e733a31f,-
BRDA:133,0,6ccc56038bbecd49499b2aa617af7f5006e8bf2be951b7855c17efa26bc7e47c,-
BRDA:134,0,6ccc56038bbecd49499b2aa617af7f5006e8bf2be951b7855c17efa26bc7e47c,-
BRDA:135,0,6ccc56038bbecd49499b2aa617af7f5006e8bf2be951b7855c17efa26bc7e47c,-
BRDA:136,0,6ccc56038bbecd49499b2aa617af7f5006e8bf2be951b7855c17efa26bc7e47c,-
BRDA:133,0,4da56e60a10bdd1b3067507ec1679012f9564c07bc0279e1ff80faee021353d0,-
BRDA:134,0,4da56e60a10bdd1b3067507ec1679012f9564c07bc0279e1ff80faee021353d0,-
BRDA:135,0,4da56e60a10bdd1b3067507ec1679012f9564c07bc0279e1ff80faee021353d0,-
BRDA:136,0,4da56e60a10bdd1b3067507ec1679012f9564c07bc0279e1ff80faee021353d0,-
BRDA:134,0,a34606beae26e02349d41d0ee35847e355c4d95a8407e9ee47101fbfdd039dad,-
BRDA:135,0,5da5d05e86ae76f20d875ee30d0226937de3ad60fa3fa994958edeefa10fcb09,-
BRDA:140,0,496b8ceb34c38e42bc7701225965565bd0ecc71a92ce52932e4cf55a8a8fe3f5,-
BRDA:141,0,3b6231de000c4770c1ad18ff1b25dfe94c5a144487d8c82100a046fe637f424b,-
BRDA:142,0,e521d8c49d6f5baa6ea4eba27efbc676e730cd758e2cefda03505a1c7ae76b4f,-
BRDA:143,0,544133457dfd5ed6532edbecabdd39dd9ee821e6582ba66d45fb9acf65ba843e,-
BRDA:144,0,5c45d5bcd1d35cba46a5547547722cc7da752b3b89e122c5b97556af597cf5b4,-
BRDA:145,0,5c45d5bcd1d35cba46a5547547722cc7da752b3b89e122c5b97556af597cf5b4,-
BRDA:146,0,f520c0a498f5d1b7230c3d0bfdb58c1a4e9f8923cdf70e5b3b83eea46e154933,-
BRDA:147,0,ed6fd319c1474d9965dbf7d5fb1802a80098259f649be0576bc24a9c17ab8947,-
BRDA:148,0,ed6fd319c1474d9965dbf7d5fb1802a80098259f649be0576bc24a9c17ab8947,-
BRDA:149,0,cf0861cc0f22948523ca4e7dec3fccb41cfb48eff91b900e0262020349b01d62,-
BRDA:150,0,655db283cefed4621aa9d6ca204a26f0810dee15ecb32c27b361c623cc42d066,-
BRDA:154,0,097191928745f6275dae21f85826af65db6fe0c7b323a7d6b8d2a7b6a6b2bc7a,-
BRDA:155,0,52ec7ff61fcbf8e8ee664c8ae41781977341c1df79cc710edc788251dcd73c03,-
BRDA:156,0,030227b4737b2531323102c75df6124e3f222a8c8b7a816b8b7280e56c1f6ead,-
BRDA:157,0,2813be68c15860c85f1f1917c5c759a70ab41a0dcfef7b8dd1673ae63fba8386,-
BRDA:158,0,2813be68c15860c85f1f1917c5c759a70ab41a0dcfef7b8dd1673ae63fba8386,-
BRDA:159,0,297437f020d50c81cc2fba617733b22653e5d903ad4bd369f43d7d5287599666,-
BRDA:164,0,16786a5ff0c4e22a96adb8d00cd4f402317005b25c4ee973eadfcfd77ce7d0f0,-
BRDA:165,0,16786a5ff0c4e22a96adb8d00cd4f402317005b25c4ee973eadfcfd77ce7d0f0,-
BRDA:166,0,629ea1f7cb49168bb915a0197512e5965f7c42f6fa11023c703bf4653086ab18,-
BRDA:167,0,191927c0981529641a74847abedc9127a01ba9b122a7872339613e30f5423bdf,-
BRDA:168,0,f0da085229b530dd6028e02f5980ed133693901539962730337a7bfb619dcce2,-
BRDA:169,0,f9ed8e5f442b8763285caca9f1316f9a373e9bb52b81affe9b1f548d64a10cfd,-
BRDA:170,0,845ef92ba4a0523646b1481b0a2d53c825acf018db8c698b9e1a934f8a09b414,-
BRDA:171,0,845ef92ba4a0523646b1481b0a2d53c825acf018db8c698b9e1a934f8a09b414,-
BRDA:172,0,590a927107a1500958c3624be712a294d7d73895e3a8c3e95f8928391da5e21e,-
BRDA:173,0,c882972416bf69d3c587bf1eb5d10081cf121443a364a781c104d2fcef6e72a4,-
BRDA:174,0,c882972416bf69d3c587bf1eb5d10081cf121443a364a781c104d2fcef6e72a4,-
BRDA:175,0,707d79e04d7e22bbc94afd1d57c596a58a5f284ee48efca8c7f3b750598f7f85,-
BRDA:176,0,1dc786d7bae150152321fb6054587ef35b1d207e029c3ae28d5fdeafae086e03,-
BRDA:177,0,1dc786d7bae150152321fb6054587ef35b1d207e029c3ae28d5fdeafae086e03,-
BRDA:178,0,767641e1c4c4c1988bead729bb30588fe12142b25e9bf34d86581e7a8d502596,-
BRDA:179,0,5968b425afb3b9565affffbdb68033ee995e936d1611ad3f1b9a99bbef07980b,-
BRDA:180,0,5968b425afb3b9565affffbdb68033ee995e936d1611ad3f1b9a99bbef07980b,-
BRDA:184,0,af02d3c7255ef1274fd64239bb18ed3ae0a73810bed4fba382c5087d033ca3cb,-
BRDA:185,0,156508a98a3c053f14d8055b0e135b9b31f1583ed175d56c83b78c4f0571212f,-
BRDA:186,0,4ff5c92d29cc133e5433e35324b86e167a5d928ca662ac115c2f1738daffb5da,-
BRDA:187,0,d754dddd62dbe80e80184349ce6cf78af7f0805a5acc21d06171bc4c14d0643d,-
BRDA:188,0,6633c9346ce03d58cbfed0f9e48d0c8b85d43dd653b04861653f3f33d5ab55e9,-
BRDA:189,0,09e998a8e05518c7fcca224a5e4706d14a43d028f397a0588f412013458471e5,-
BRDA:190,0,09e998a8e05518c7fcca224a5e4706d14a43d028f397a0588f412013458471e5,-
BRDA:191,0,e43508d7c6893f6416f56289aab9e5c1def56df32db7b0be447f1acc848d3076,-
BRDA:192,0,421a9195c967d29c1a3002c24f9971b52d0adefb2d838f0a02dd66801dc1ea1e,-
BRDA:193,0,906114622ccb17b7668d515e4ac0637726aba08d74dba8d7eda9625b25c80479,-
BRDA:194,0,a1501c6f91cf8d8555a2e0e6d035ca9991e7ec2e52cde4533f201ae566c4759d,-
BRDA:198,0,bc69458a89c91917c3cc3db3c49f5bbaf64f0e1f371524ae4f7aacba9a0378c6,-
BRDA:199,0,29dc8a261391740fc3d681f9e7abdb7062e2606541ff1ac705dede2b7590fc51,-
BRDA:200,0,880ba137d544dbcf4bc0bbbe453390a97f76c1f2f259aaa3cf949f9356ea0a18,-
BRDA:201,0,c1d67540f30da020b880fb932e60d09acced29bb17241c9cbb801867efcb2d51,-
BRDA:202,0,c1d67540f30da020b880fb932e60d09acced29bb17241c9cbb801867efcb2d51,-
BRDA:203,0,bf1fe8e3586fb321a4396106479f8fce70bd085db12165c346ca828a384a6089,-
BRDA:204,0,8582fb92a05df952a3f34562a9bba00bebce91a70c70e6568ddd4dc34d93ac6f,-
BRDA:208,0,229b78d9fca8da24ff7b6f418a305d0decdf172d7caf534bc56d1a896a7d03db,-
BRDA:209,0,9a813c8b8cf10510410857a487459275f73fb2f63c563af76dc3286a8242ce62,-
BRDA:210,0,077b33d10cc49aa85cdd22aad701016d07cd1cc966ea786f98286cdc32206184,-
BRDA:211,0,fa909fffa672ed603314b8a2cdf954e784dbf820d178872db6e4715e93607add,-
BRDA:212,0,d1d22bb91f5cc837d5ccfc77a2f1b29651ea547fedca61cec39b75e6b0c33339,-
BRDA:213,0,8129cadce231833d30515db0b1cce1efcd448a337b16ee8d04fe5056b9827b22,-
BRDA:214,0,51204625d91f296d103261db8074f314d806cd33ae24ce54f0f0ffa71c3e5cc5,-
BRDA:215,0,92566cc8071aae88eecee9a5d3042c122e6d8d9a516a5636b2e2690d780d6ad6,-
BRDA:216,0,33c67f38baa62e9ddf10baa87c2bbfad301eaeca3b12f46411797bad732a2a0c,-
BRDA:220,0,314b8142b3ccd82c023a133403aad11ce5b46b84103a854ae242845b997a7fb9,-
BRDA:221,0,f54219c0afa2ed0a5d3af5dbb187c8d947363b14044f417f4722f78419d383cc,-
BRDA:222,0,f54219c0afa2ed0a5d3af5dbb187c8d947363b14044f417f4722f78419d383cc,-
BRDA:223,0,f93fda967c35098cdee5577e22d75eb39a7e982cb60776e42dbec57f8277ec58,-
BRDA:224,0,a42fe328db1efada1bf7c8d7fc0327e002a52d51a84d329260f72c845ed7a708,-
BRDA:225,0,6bedc07eb1ffdf0732f996fa753f2554adcd7a88673f8722d0b3bded242c13d5,-
BRDA:226,0,19419d3f05b2a920eda25579ffe2a0de447913191b93092ea84903d95e75497e,-
BRDA:227,0,094824f45130023675f09a89fe8f6a30ff73406d3f1b508d15a4c393c0c5dcaa,-
BRDA:228,0,53af685b1ae3ce5af4be829240b31a4432fcf0db2ce8720268ce1973220183f1,-
BRDA:229,0,53af685b1ae3ce5af4be829240b31a4432fcf0db2ce8720268ce1973220183f1,-
BRDA:229,0,94b0908d199dded3bd73f1f48279eeedea91ddb449cb8ba403618db21d26be62,-
BRDA:230,0,03025ea0447d7160168a125b3b9d3e93d375195dcad40f0d9b3ff8182102b95a,-
BRDA:235,0,7cb7df6bffe2745c594cc953195046991f6b26e2cbdde8d08ce9f8a31bbf9c49,-
BRDA:236,0,75e3a30feacaf9bde4b9940713a64aa86d8ab6c525b7f034780a69628573b037,-
BRDA:237,0,3c81621273375d981d71cd3e735c632a723356b65be58f36dcc9525dbafa4141,-
BRDA:238,0,f1ffd0866b1eedbff18d39893d577b34f00ec35d9dff094ea14152a4ff14228a,-
BRDA:239,0,4bce3e50ea03d5d41db91d87296c652e3f88d655060bd56029ce054ce96fafdf,-
BRDA:240,0,70bd0dbafe01df43abcb6953121290001984a97c29ab245a0cf43e179eb7caad,-
BRDA:241,0,44b1d9da21515f1046764cfefa88e5779959d59c556411663452243501b9bb65,-
BRDA:242,0,787d7c26127bb7b15538d3df42d0160dc103d84c0f202a045cc2451957058f18,-
BRDA:243,0,2537f61fcad00806a121c45398d044a7608297e6cd7b9442f4c177734c6da285,-
BRDA:247,0,fe3a85bdaa877a965b6e0342128e776cdbd4529e83ad5796ddb5f22956d00db0,-
BRDA:248,0,b05fe483b06c22f08bdb0d99851c924105522c4ad505f8b4ef25dd221d7255b4,-
BRDA:249,0,2bbf6cfc65491aabbfa68dc7d3b9f617f4f456c102670d7fd20abf40e6c77e7a,-
BRDA:250,0,c07e73b1e6489adaa7719062258f02818b7f06fc9dfb46a162e0d9b2d04344da,-
BRDA:251,0,07a3667e83bf8be03cf913e9a9d2a5ef05bd48bc3825de8bf55e05b5825428d3,-
BRDA:252,0,7f056c72dcc7f5b7d2976ad433ec755eed9d7fcafb4009b2e251ca761e4da2a6,-
BRDA:253,0,fd66319d2a42cdc0f446d0bdfeec0c9869c37dfff99e25431de0e8cb4a685a1f,-
BRDA:254,0,c12f2b63501ab01589645862089f3226bf2bd1d21112200b7b07daa20c13fa3c,-
BRDA:261,0,fcbd3cb2afb81fcf6cec7fe601340632088be857ed04954865928d6919ebdcde,-
BRDA:262,0,038e862de2895597114e96056d010f2f9f7a782f8ef59095bc66a4e0d1a4cc8a,-
BRDA:263,0,1c7f95666b6cb7a2e45487dd3cb5152602243bc5655624000136784cd01b8385,-
BRDA:264,0,f791b8ed174d354845cde0b4860545d57ed06e96695e505d1595e673491bcdc5,-
BRDA:265,0,f791b8ed174d354845cde0b4860545d57ed06e96695e505d1595e673491bcdc5,-
BRDA:266,0,f791b8ed174d354845cde0b4860545d57ed06e96695e505d1595e673491bcdc5,-
BRDA:267,0,f791b8ed174d354845cde0b4860545d57ed06e96695e505d1595e673491bcdc5,-
BRDA:268,0,f791b8ed174d354845cde0b4860545d57ed06e96695e505d1595e673491bcdc5,-
BRDA:264,0,3ce829e16e26272405a66ccd1afed69a7afe13bbcf2aa48f2b98c71b55351cf8,-
BRDA:265,0,3ce829e16e26272405a66ccd1afed69a7afe13bbcf2aa48f2b98c71b55351cf8,-
BRDA:266,0,3ce829e16e26272405a66ccd1afed69a7afe13bbcf2aa48f2b98c71b55351cf8,-
BRDA:267,0,3ce829e16e26272405a66ccd1afed69a7afe13bbcf2aa48f2b98c71b55351cf8,-
BRDA:268,0,3ce829e16e26272405a66ccd1afed69a7afe13bbcf2aa48f2b98c71b55351cf8,-
BRDA:265,0,d56bf71589b10971414f40d2b5fb922870a0a0f6995d4272644052b362ecfccd,-
BRDA:266,0,7fc5a1e64d9c3a1e8144e4b3805d9badee11013ff99a166872f74f83281d27fc,-
BRDA:267,0,7fc5a1e64d9c3a1e8144e4b3805d9badee11013ff99a166872f74f83281d27fc,-
BRDA:266,0,2022a95db9949b1d11881610066343f84466651a8fed782abf4b1504e32959dc,-
BRDA:267,0,a223197959679705a3d562d76f4a407d9532d2731c670dd119f4b48a16257ca2,-
BRDA:269,0,437d389fa55414a8db9711c21ac2a3312ebfa609af8e2f319fe57e89a15b15b0,-
BRH:0
BRF:160
DA:75,0
DA:76,0
DA:81,0
DA:82,0
DA:86,0
DA:90,0
DA:97,0
DA:98,0
DA:99,0
DA:100,0
DA:101,0
DA:102,0
DA:103,0
DA:104,0
DA:105,0
DA:106,0
DA:107,0
DA:108,0
DA:109,0
DA:110,0
DA:111,0
DA:112,0
DA:113,0
DA:114,0
DA:115,0
DA:116,0
DA:117,0
DA:118,0
DA:119,0
DA:120,0
DA:121,0
DA:122,0
DA:123,0
DA:127,0
DA:128,0
DA:129,0
DA:130,0
DA:131,0
DA:132,0
DA:133,0
DA:134,0
DA:135,0
DA:136,0
DA:140,0
DA:141,0
DA:142,0
DA:143,0
DA:144,0
DA:145,0
DA:146,0
DA:147,0
DA:148,0
DA:149,0
DA:150,0
DA:154,0
DA:155,0
DA:156,0
DA:157,0
DA:158,0
DA:159,0
DA:164,0
DA:165,0
DA:166,0
DA:167,0
DA:168,0
DA:169,0
DA:170,0
DA:171,0
DA:172,0
DA:173,0
DA:174,0
DA:175,0
DA:176,0
DA:177,0
DA:178,0
DA:179,0
DA:180,0
DA:184,0
DA:185,0
DA:186,0
DA:187,0
DA:188,0
DA:189,0
DA:190,0
DA:191,0
DA:192,0
DA:193,0
DA:194,0
DA:198,0
DA:199,0
DA:200,0
DA:201,0
DA:202,0
DA:203,0
DA:204,0
DA:208,0
DA:209,0
DA:210,0
DA:211,0
DA:212,0
DA:213,0
DA:214,0
DA:215,0
DA:216,0
DA:220,0
DA:221,0
DA:222,0
DA:223,0
DA:224,0
DA:225,0
DA:226,0
DA:227,0
DA:228,0
DA:229,0
DA:230,0
DA:235,0
DA:236,0
DA:237,0
DA:238,0
DA:239,0
DA:240,0
DA:241,0
DA:242,0
DA:243,0
DA:247,0
DA:248,0
DA:249,0
DA:250,0
DA:251,0
DA:252,0
DA:253,0
DA:254,0
DA:261,0
DA:262,0
DA:263,0
DA:264,0
DA:265,0
DA:266,0
DA:267,0
DA:268,0
DA:269,0
LH:0
LF:141
end_of_record
SF:contracts\VerifierSystem.sol
BRDA:93,0,d441e2211a25cea8ad7b623cd188670bb57b644b4d59505834b475f4f3d9d25e,-
BRDA:94,0,14884ecc7064ed8af35fa7470c7ad8c7392800f75ff02d1abca4ae35cfb78ba8,-
BRDA:95,0,e33121c714b884b4577938e4e42c5c8b3ce51ffcbd22d9fca99ea5839f29e0e6,-
BRDA:96,0,758c939f82046bcb102eb863966bf22db39c562d91120a29f6ab194be61811b9,-
BRDA:97,0,8faa3e015318277c31678f336b91da942e5f17f92fc71018467afbcbcbbbf1f9,-
BRDA:98,0,c0d38e46f288763e5aa079bb9890fc69745ef2986951468ac621563db1df75e2,-
BRDA:103,0,4027ce804d3ff16c9f67b888e4562d403305e127f977fd60a7c93c49d90213ed,-
BRDA:104,0,3c9b6401985ab764019b8f50ed69e395741b49d81681793d2707227ba8f61023,-
BRDA:105,0,84793f432c06223e9494458334c3a1218587318595dc9992c9b160a8dd0b7985,-
BRDA:109,0,e80da155e9a46ba1a676e6a4ade77344c7bb56091d2f503d903d92184e64fd72,-
BRDA:110,0,8a1bde9c0cd826c71bb0fca71f6c576b36137cc1a1b0351edf9a4ad156650f17,-
BRDA:115,0,8dfd54e1492ad5844bfb264344fb1e6f3f62582661264898b11365fe3f01f9b1,-
BRDA:116,0,07845d3e7d5b19eb7517e1baf67b5cb202739ce6f57a85db4b6442d84032a7c2,-
BRDA:117,0,8b3cdb5dbea54a8dac527918c4b0bb2deffa57f95a590995425f94a23d705407,-
BRDA:118,0,38b14bb21b1d6913e3d1c70b048dbfc8380654d31f183fe73c8e0d4028e09bcb,-
BRDA:119,0,295068ca1a7b48f9b6399bd26da820c918cd25ca7aeac5800b096f5acdf682c2,-
BRDA:120,0,13a010a8ef259d911f3a113eef3f655d09ced13db8d428ab9679fb32bd74be79,-
BRDA:124,0,8a619a3db411492278c9e757695165a6487aaf46304c468e5bbeab84cea53241,-
BRDA:125,0,c5dc47232d11bcc9be8450a7917ead71349a8cfc92c12c2e8f0c366eabcd57fc,-
BRDA:126,0,f89223c77334919fd48e04cc19aa1aa520e58d45d80baf693df4578b84a91f8f,-
BRDA:127,0,541cca5516ccbf2514bf9fcce9912a43375d4f74d770e3732e194b9648e29df7,-
BRDA:128,0,7789e85399025fc451a3291bb05b6509977ebd5f27617ce5b34feb7cdf78c98d,-
BRDA:129,0,bb724fff963ad4172a32f73c35046c2f2c9c26e89bae62998a10427c3dd7f0f3,-
BRDA:133,0,80c45d1157d3580b8879275b32ad0507521a83d88068f5bff387e6f5d08e442a,-
BRDA:134,0,5aa2309b7b8d69e1a13bc238c754bc1ada2f0f390d098c35c484de4f2e5ddc5b,-
BRDA:135,0,97ecdb73e24668f5f41985015430ac9536c97c44dec7cc33b15a6c029f3e71f3,-
BRDA:136,0,c5b8cd7b7e8580b3d6037dde039be691298a38aa2a8bfa039c187b8c5df5cc18,-
BRDA:137,0,398d859cebd4623c1f7ba6831b8e956166711f5bba69e6947ba5651e051f53e1,-
BRDA:138,0,844fff1646367212bb542295d3b6d716c7950dcddd695b2bb07da0bf8bfb07e2,-
BRDA:139,0,cfc1dd219196dcdd19c1a19298b31d46b05ef8037c9f00c9797753d611d1102d,-
BRDA:140,0,9dd8e1841614afad9a94a79f327c57667fb9f694f2bd24e7c67394d1783c11d9,-
BRDA:141,0,2622129b4614f79093e3e125cbffa405e40dd3d3fad35b8c45326c5524a794f9,-
BRDA:150,0,cbbac1eae3ea4b9308feb4fdd30dcc9de68351498d26bb3f6802b7a93b3a2a64,-
BRDA:151,0,fb0ffe056c73b4eda287886dfc293001dff709367402e98b566ab4db6d5e2072,-
BRDA:152,0,d8c04a4be079d72e0699f2cb88213dc5c77dc89861d212024d8ced1dab1cae62,-
BRDA:153,0,987c9f4b652c2aee8ea89d5abb17f3d7a40436e48a40404d5db112f1b425e02d,-
BRDA:154,0,8287c547b4fa72c99537d229cce23a995d7e8de5ee1b30d25644f55501c49682,-
BRDA:155,0,73c1de2daba88e59284931301457b87ab4c03177ee5d2d3a1878b9ae98c181dd,-
BRDA:156,0,73c1de2daba88e59284931301457b87ab4c03177ee5d2d3a1878b9ae98c181dd,-
BRDA:157,0,73c1de2daba88e59284931301457b87ab4c03177ee5d2d3a1878b9ae98c181dd,-
BRDA:158,0,73c1de2daba88e59284931301457b87ab4c03177ee5d2d3a1878b9ae98c181dd,-
BRDA:155,0,c03af30868a85e7c9f327c0c91983ced1ba6db1d03e572736aabb6a7b5b2274d,-
BRDA:156,0,c03af30868a85e7c9f327c0c91983ced1ba6db1d03e572736aabb6a7b5b2274d,-
BRDA:157,0,c03af30868a85e7c9f327c0c91983ced1ba6db1d03e572736aabb6a7b5b2274d,-
BRDA:158,0,c03af30868a85e7c9f327c0c91983ced1ba6db1d03e572736aabb6a7b5b2274d,-
BRDA:156,0,7513fbc0db00f2f12d8c72a7ae2959096cf09375587cb32e8c2b3219df71ce58,-
BRDA:157,0,05da7154b86f912dfde660da49097d6bf0afe36f90331dc99c6d561426804709,-
BRDA:157,0,ffc7430ea8420666d816453c33a2f3d0aeca1119e4fc1fa50d23f0a39353e534,-
BRDA:159,0,e9f58e2f283de6f83b4d682ffaf86fbb62309ec1adf32a4138678813422e3c8f,-
BRDA:160,0,e152269cccb36e1c0f605cc3afd3e2c8dda604131c3d67daa5f328154b42b88c,-
BRDA:161,0,ecb0e56b66a8b2fc10b10030751ef10b7ae83e90fb0e9d01f7c2960e47c2c525,-
BRDA:162,0,ecb0e56b66a8b2fc10b10030751ef10b7ae83e90fb0e9d01f7c2960e47c2c525,-
BRDA:163,0,ecb0e56b66a8b2fc10b10030751ef10b7ae83e90fb0e9d01f7c2960e47c2c525,-
BRDA:164,0,ecb0e56b66a8b2fc10b10030751ef10b7ae83e90fb0e9d01f7c2960e47c2c525,-
BRDA:165,0,ecb0e56b66a8b2fc10b10030751ef10b7ae83e90fb0e9d01f7c2960e47c2c525,-
BRDA:166,0,ecb0e56b66a8b2fc10b10030751ef10b7ae83e90fb0e9d01f7c2960e47c2c525,-
BRDA:167,0,ecb0e56b66a8b2fc10b10030751ef10b7ae83e90fb0e9d01f7c2960e47c2c525,-
BRDA:168,0,ecb0e56b66a8b2fc10b10030751ef10b7ae83e90fb0e9d01f7c2960e47c2c525,-
BRDA:169,0,ecb0e56b66a8b2fc10b10030751ef10b7ae83e90fb0e9d01f7c2960e47c2c525,-
BRDA:170,0,ecb0e56b66a8b2fc10b10030751ef10b7ae83e90fb0e9d01f7c2960e47c2c525,-
BRDA:171,0,ecb0e56b66a8b2fc10b10030751ef10b7ae83e90fb0e9d01f7c2960e47c2c525,-
BRDA:172,0,ecb0e56b66a8b2fc10b10030751ef10b7ae83e90fb0e9d01f7c2960e47c2c525,-
BRDA:173,0,ecb0e56b66a8b2fc10b10030751ef10b7ae83e90fb0e9d01f7c2960e47c2c525,-
BRDA:174,0,ecb0e56b66a8b2fc10b10030751ef10b7ae83e90fb0e9d01f7c2960e47c2c525,-
BRDA:175,0,56e31e32e968b779008ef71ed9aadcce8bf2a0c89913b0a2b43e1958f07feb91,-
BRDA:176,0,56e31e32e968b779008ef71ed9aadcce8bf2a0c89913b0a2b43e1958f07feb91,-
BRDA:177,0,56e31e32e968b779008ef71ed9aadcce8bf2a0c89913b0a2b43e1958f07feb91,-
BRDA:178,0,73d9318a69c037c5c05afd5c0cd34639d6feb7d4c1c867393a592380edb60f00,-
BRDA:179,0,a96d9ce68d5ca65bcefccaca4d80ad0efadcd4033297a6c8e93002deb6ff987f,-
BRDA:180,0,8b69eefe6dedf5a33e4dea674347d26e95cb86482fada616dcaea614c2800e44,-
BRDA:181,0,a5695fb828ef1f5cef4fe2bd94827a21a27582d3c92cff7e1ab01b2fa90ebd1e,-
BRDA:182,0,b59cb369f7ddf7ebdcbac76faa937039497c3d1c03ea1142f82761aed9ffd79e,-
BRDA:183,0,b59cb369f7ddf7ebdcbac76faa937039497c3d1c03ea1142f82761aed9ffd79e,-
BRDA:184,0,80c912e24f1056cd213b640c25a072375a71221b337100c2b4ba2983311e8991,-
BRDA:185,0,80c912e24f1056cd213b640c25a072375a71221b337100c2b4ba2983311e8991,-
BRDA:186,0,697673006ce41af82b5bdf4e024c0c05e5c8f31e32826cb8ae36efac56d7e9f3,-
BRDA:193,0,da4f611d6cb189f579f90645118f7d58ebceb671d2e88aaec5e1e3d4699cd55b,-
BRDA:194,0,07f1360860119789e3819f8010bec420befe4442d54d74aa49d5640604656b3c,-
BRDA:195,0,b9969ae2f9f46a1e891d34689690a6f0855ead760369bae25f926d731dc9a98d,-
BRDA:196,0,aa1ed5e814110dd0d4963ca717ae787b7d0371dec9b7594eb3b80a1bd6acd22c,-
BRDA:197,0,aa1ed5e814110dd0d4963ca717ae787b7d0371dec9b7594eb3b80a1bd6acd22c,-
BRDA:198,0,81534a1b8602568620d098092d3e41dbcb5382f5036749c7a93f8d957cb52bd5,-
BRDA:199,0,81534a1b8602568620d098092d3e41dbcb5382f5036749c7a93f8d957cb52bd5,-
BRDA:200,0,81534a1b8602568620d098092d3e41dbcb5382f5036749c7a93f8d957cb52bd5,-
BRDA:201,0,81534a1b8602568620d098092d3e41dbcb5382f5036749c7a93f8d957cb52bd5,-
BRDA:202,0,81534a1b8602568620d098092d3e41dbcb5382f5036749c7a93f8d957cb52bd5,-
BRDA:200,0,7acad1eed543cb98377864de8db7d3854903bb6ebea908d2c83c25569d65cb05,-
BRDA:201,0,7acad1eed543cb98377864de8db7d3854903bb6ebea908d2c83c25569d65cb05,-
BRDA:202,0,7acad1eed543cb98377864de8db7d3854903bb6ebea908d2c83c25569d65cb05,-
BRDA:201,0,e84086c5a53d0c0ccf0a1cef7c2364f4e3b084795d3e069d8ee4620d61f4f7d3,-
BRDA:203,0,32722436ae8069b6a7ade7f71ecb954e3af44313f7b5a442a6261cca210d2bfe,-
BRDA:204,0,073da69e2afff9791672cc5f3e22ca94e1353a5f6aa7ee81aec07429aa70361e,-
BRDA:205,0,073da69e2afff9791672cc5f3e22ca94e1353a5f6aa7ee81aec07429aa70361e,-
BRDA:206,0,61ed07866296f9d981e89b8e9241b5e3cc285585dc9103e3928f9ed52f84683a,-
BRDA:207,0,61ed07866296f9d981e89b8e9241b5e3cc285585dc9103e3928f9ed52f84683a,-
BRDA:208,0,61ed07866296f9d981e89b8e9241b5e3cc285585dc9103e3928f9ed52f84683a,-
BRDA:209,0,61ed07866296f9d981e89b8e9241b5e3cc285585dc9103e3928f9ed52f84683a,-
BRDA:210,0,61ed07866296f9d981e89b8e9241b5e3cc285585dc9103e3928f9ed52f84683a,-
BRDA:206,0,d4a6642daa13b39ad521c7c3eb23d00f878df7e48f8aec4aaa0cfb78650f4a08,-
BRDA:207,0,d4a6642daa13b39ad521c7c3eb23d00f878df7e48f8aec4aaa0cfb78650f4a08,-
BRDA:208,0,d4a6642daa13b39ad521c7c3eb23d00f878df7e48f8aec4aaa0cfb78650f4a08,-
BRDA:209,0,d4a6642daa13b39ad521c7c3eb23d00f878df7e48f8aec4aaa0cfb78650f4a08,-
BRDA:210,0,d4a6642daa13b39ad521c7c3eb23d00f878df7e48f8aec4aaa0cfb78650f4a08,-
BRDA:207,0,4bb34e811d9d68fc5f94e29de12942a6b5c7132a9b19c9c0784c5f30e5260b00,-
BRDA:208,0,4bb34e811d9d68fc5f94e29de12942a6b5c7132a9b19c9c0784c5f30e5260b00,-
BRDA:209,0,4bb34e811d9d68fc5f94e29de12942a6b5c7132a9b19c9c0784c5f30e5260b00,-
BRDA:207,0,1606cc623af02a8fb3ddf59f431771a4a9f8a39a74272a592ba70ee49c2a678e,-
BRDA:208,0,1606cc623af02a8fb3ddf59f431771a4a9f8a39a74272a592ba70ee49c2a678e,-
BRDA:209,0,1606cc623af02a8fb3ddf59f431771a4a9f8a39a74272a592ba70ee49c2a678e,-
BRDA:208,0,824e2cb289a0ebe60fbe0063cd0d3777cef666f21e3bdc7c749c71b06c4bedc1,-
BRDA:211,0,8dc0fca0cd0a06f401bbc30750f6d9349a9d7e4764a734ca2f610fad25cf0573,-
BRDA:212,0,8dc0fca0cd0a06f401bbc30750f6d9349a9d7e4764a734ca2f610fad25cf0573,-
BRDA:213,0,8dc0fca0cd0a06f401bbc30750f6d9349a9d7e4764a734ca2f610fad25cf0573,-
BRDA:214,0,8dc0fca0cd0a06f401bbc30750f6d9349a9d7e4764a734ca2f610fad25cf0573,-
BRDA:215,0,8dc0fca0cd0a06f401bbc30750f6d9349a9d7e4764a734ca2f610fad25cf0573,-
BRDA:216,0,8dc0fca0cd0a06f401bbc30750f6d9349a9d7e4764a734ca2f610fad25cf0573,-
BRDA:217,0,8dc0fca0cd0a06f401bbc30750f6d9349a9d7e4764a734ca2f610fad25cf0573,-
BRDA:218,0,8dc0fca0cd0a06f401bbc30750f6d9349a9d7e4764a734ca2f610fad25cf0573,-
BRDA:219,0,8dc0fca0cd0a06f401bbc30750f6d9349a9d7e4764a734ca2f610fad25cf0573,-
BRDA:220,0,8dc0fca0cd0a06f401bbc30750f6d9349a9d7e4764a734ca2f610fad25cf0573,-
BRDA:221,0,8dc0fca0cd0a06f401bbc30750f6d9349a9d7e4764a734ca2f610fad25cf0573,-
BRDA:222,0,8dc0fca0cd0a06f401bbc30750f6d9349a9d7e4764a734ca2f610fad25cf0573,-
BRDA:223,0,8dc0fca0cd0a06f401bbc30750f6d9349a9d7e4764a734ca2f610fad25cf0573,-
BRDA:224,0,8dc0fca0cd0a06f401bbc30750f6d9349a9d7e4764a734ca2f610fad25cf0573,-
BRDA:225,0,8dc0fca0cd0a06f401bbc30750f6d9349a9d7e4764a734ca2f610fad25cf0573,-
BRDA:226,0,8dc0fca0cd0a06f401bbc30750f6d9349a9d7e4764a734ca2f610fad25cf0573,-
BRDA:227,0,8dc0fca0cd0a06f401bbc30750f6d9349a9d7e4764a734ca2f610fad25cf0573,-
BRDA:228,0,8dc0fca0cd0a06f401bbc30750f6d9349a9d7e4764a734ca2f610fad25cf0573,-
BRDA:229,0,8dc0fca0cd0a06f401bbc30750f6d9349a9d7e4764a734ca2f610fad25cf0573,-
BRDA:230,0,8dc0fca0cd0a06f401bbc30750f6d9349a9d7e4764a734ca2f610fad25cf0573,-
BRDA:231,0,8dc0fca0cd0a06f401bbc30750f6d9349a9d7e4764a734ca2f610fad25cf0573,-
BRDA:232,0,8dc0fca0cd0a06f401bbc30750f6d9349a9d7e4764a734ca2f610fad25cf0573,-
BRDA:233,0,8dc0fca0cd0a06f401bbc30750f6d9349a9d7e4764a734ca2f610fad25cf0573,-
BRDA:234,0,8dc0fca0cd0a06f401bbc30750f6d9349a9d7e4764a734ca2f610fad25cf0573,-
BRDA:235,0,8dc0fca0cd0a06f401bbc30750f6d9349a9d7e4764a734ca2f610fad25cf0573,-
BRDA:213,0,dd115188afe9b75359449de4cbcb9faa244156df9fabdd99a1acea2b1a71ea08,-
BRDA:214,0,dd115188afe9b75359449de4cbcb9faa244156df9fabdd99a1acea2b1a71ea08,-
BRDA:215,0,dd115188afe9b75359449de4cbcb9faa244156df9fabdd99a1acea2b1a71ea08,-
BRDA:216,0,dd115188afe9b75359449de4cbcb9faa244156df9fabdd99a1acea2b1a71ea08,-
BRDA:217,0,dd115188afe9b75359449de4cbcb9faa244156df9fabdd99a1acea2b1a71ea08,-
BRDA:218,0,dd115188afe9b75359449de4cbcb9faa244156df9fabdd99a1acea2b1a71ea08,-
BRDA:219,0,dd115188afe9b75359449de4cbcb9faa244156df9fabdd99a1acea2b1a71ea08,-
BRDA:220,0,dd115188afe9b75359449de4cbcb9faa244156df9fabdd99a1acea2b1a71ea08,-
BRDA:221,0,dd115188afe9b75359449de4cbcb9faa244156df9fabdd99a1acea2b1a71ea08,-
BRDA:222,0,dd115188afe9b75359449de4cbcb9faa244156df9fabdd99a1acea2b1a71ea08,-
BRDA:223,0,dd115188afe9b75359449de4cbcb9faa244156df9fabdd99a1acea2b1a71ea08,-
BRDA:224,0,dd115188afe9b75359449de4cbcb9faa244156df9fabdd99a1acea2b1a71ea08,-
BRDA:225,0,dd115188afe9b75359449de4cbcb9faa244156df9fabdd99a1acea2b1a71ea08,-
BRDA:226,0,dd115188afe9b75359449de4cbcb9faa244156df9fabdd99a1acea2b1a71ea08,-
BRDA:227,0,dd115188afe9b75359449de4cbcb9faa244156df9fabdd99a1acea2b1a71ea08,-
BRDA:228,0,dd115188afe9b75359449de4cbcb9faa244156df9fabdd99a1acea2b1a71ea08,-
BRDA:229,0,dd115188afe9b75359449de4cbcb9faa244156df9fabdd99a1acea2b1a71ea08,-
BRDA:230,0,dd115188afe9b75359449de4cbcb9faa244156df9fabdd99a1acea2b1a71ea08,-
BRDA:231,0,dd115188afe9b75359449de4cbcb9faa244156df9fabdd99a1acea2b1a71ea08,-
BRDA:232,0,dd115188afe9b75359449de4cbcb9faa244156df9fabdd99a1acea2b1a71ea08,-
BRDA:233,0,dd115188afe9b75359449de4cbcb9faa244156df9fabdd99a1acea2b1a71ea08,-
BRDA:234,0,dd115188afe9b75359449de4cbcb9faa244156df9fabdd99a1acea2b1a71ea08,-
BRDA:235,0,dd115188afe9b75359449de4cbcb9faa244156df9fabdd99a1acea2b1a71ea08,-
BRDA:214,0,8b853683a78059cbf0adfc452951e8da684faecdedcce1884f328951bdf535aa,-
BRDA:215,0,1159b4fa25746693ff07e915b7a645a87f8b6f2cb266c5685ee272c05b80b1c0,-
BRDA:216,0,96500fcbfbe88eb5498574087c6937d581b23d93a06706678e2574b3182a5b7b,-
BRDA:217,0,96500fcbfbe88eb5498574087c6937d581b23d93a06706678e2574b3182a5b7b,-
BRDA:218,0,4df214dddfa530111970107a97427e98e94abf344d41f37218a2f0d77070463e,-
BRDA:219,0,4df214dddfa530111970107a97427e98e94abf344d41f37218a2f0d77070463e,-
BRDA:220,0,4df214dddfa530111970107a97427e98e94abf344d41f37218a2f0d77070463e,-
BRDA:221,0,4df214dddfa530111970107a97427e98e94abf344d41f37218a2f0d77070463e,-
BRDA:218,0,cd114150b4463aa2914a9b9b35bb5521823a3d748de394df03394477d6fd6537,-
BRDA:219,0,cd114150b4463aa2914a9b9b35bb5521823a3d748de394df03394477d6fd6537,-
BRDA:220,0,cd114150b4463aa2914a9b9b35bb5521823a3d748de394df03394477d6fd6537,-
BRDA:221,0,cd114150b4463aa2914a9b9b35bb5521823a3d748de394df03394477d6fd6537,-
BRDA:219,0,51e8f1eb66c7440a503f3a43618bbfd308ee58a7a801d57c0bbb1c26db492c80,-
BRDA:220,0,59e8f670fd378badbbd4de051fb7c256895a0a36e8eb66115b84fc4a7c53e2f2,-
BRDA:222,0,8000b8473dccb39e228c84c66a44d95dfc875c6fa6ec5d673238f927462c4711,-
BRDA:223,0,2687df789cbe575b378aa5a8e10ba679ffcf682b32eb97773fa672be584d15fe,-
BRDA:224,0,4f1cab9edac59c2ea0afd9a8bafe9d896cb66735331714c84eedb71b2528f8f7,-
BRDA:225,0,e718ae19ca4bc2a5faf5db3aa8b71aa663c772e913cd9f13a4be8575a850249d,-
BRDA:226,0,e718ae19ca4bc2a5faf5db3aa8b71aa663c772e913cd9f13a4be8575a850249d,-
BRDA:227,0,e718ae19ca4bc2a5faf5db3aa8b71aa663c772e913cd9f13a4be8575a850249d,-
BRDA:228,0,5cb11cca91a87a3e6fc0214219a8c0361fc1ee2398b2f8a6d39192bcdc37e11d,-
BRDA:229,0,5cb11cca91a87a3e6fc0214219a8c0361fc1ee2398b2f8a6d39192bcdc37e11d,-
BRDA:230,0,e055f71e9f47074985680e2e3709da6f972d402207621eadbcff9b3e568ee0a9,-
BRDA:231,0,27b301fa2d853a89bd5ef1506726e1939cddcb992c975e2937e010993f851bdd,-
BRDA:232,0,3d5f160a744bfc9bafb23829d94f2901fd593b1dce69bbd91772899d8049404c,-
BRDA:233,0,8af1d1cd795f950416c9e4c3e480d87b17f7e4e6f92fd848a8f8d68ba1ec3d12,-
BRDA:234,0,8af1d1cd795f950416c9e4c3e480d87b17f7e4e6f92fd848a8f8d68ba1ec3d12,-
BRDA:236,0,ada2d49bd9a6f8befe57b510b06810b8fd3135664ba9e5f53ed13c006d228662,-
BRDA:237,0,ada2d49bd9a6f8befe57b510b06810b8fd3135664ba9e5f53ed13c006d228662,-
BRDA:238,0,7ee780bbda222edd36d5a8547a069df12deb8d360cda7421d02d40447c2f20d8,-
BRDA:243,0,fb97cd2c809951b500ba3f93b26277c14ce015cb349f35ad671f8d22bdeb3fa1,-
BRDA:244,0,d5bb646ad19d039ab40d0639777ab085a7de5d7b669f45d577a7a66920ff920e,-
BRDA:245,0,84853374c6781d14c0103dee68c745f571aa5090ea7604fcdcd1eb009a9e2e9d,-
BRDA:246,0,8ec7917eca0ff9ee6d7bcf28b97fa58a85aea54feb3214b1166618c97f6e1a00,-
BRDA:247,0,3c21c83c18400a669941607f5e9fa95ef68bbdd8f24e25fa5676bde95f8788e1,-
BRDA:248,0,5db7b59dc4ea404af164eaffc02b0d0baef3ed9a348fca96da5d74dd02ce8761,-
BRDA:249,0,5db7b59dc4ea404af164eaffc02b0d0baef3ed9a348fca96da5d74dd02ce8761,-
BRDA:250,0,a13395653ea9576dccb5a0da8a4e2335dea1f16c878c0f4e414d75a41e24937a,-
BRDA:254,0,c4532639e08829dc3c260b096e74addced35a26d1791de3b09512025e040af5d,-
BRDA:255,0,da9eccf2fe459715326e723cd6dee19907373513bd16946363ae30400e1b715f,-
BRDA:256,0,8033da5982622236e7df860bf86942ad2976c243dc3f7c960c8d8db24b759770,-
BRDA:257,0,17ac1c22732ff9aad0e28d6c87c660fc71dcab22c5398366e46289032209a515,-
BRDA:258,0,dea1844918acd9ba69f134021c16b37c41d4e59f622e3c17bb41f94cdfec862f,-
BRDA:259,0,17bd8eedfcb42f2ebb2ccb438ac4c8bd21b3de0905b7f38106fe6f28fcde02c5,-
BRDA:260,0,b70443be17250414667f7ef4a1a912f68f25c63ca2251f2309564bf9479011dd,-
BRDA:261,0,8d3d14e7cec696da3741ca478c770484f685229d9e4881ff356bd88a0ac73781,-
BRDA:262,0,a1d4f0881f451d5a6307d58620663b2df81190c98143323e630fc0ba8e0b7b4d,-
BRDA:267,0,2e0c1b7416e1d903a01c18af77883754c2c3a268c23eb1ecc2f091b9ac9a23fc,-
BRDA:268,0,dcbe795f7edef80c2518ed7883a6a26bbe5b54a6179a9ef7ce5ef38fc183cd48,-
BRDA:269,0,42940a8da7704f713a1569c23c72f5bb6847d92cffa0a055dd5d1487fc589683,-
BRDA:270,0,7ba9870fbb6aee2c75a2838d4ffc1a74fd63a85b984f38896f22e640a6cc1c58,-
BRDA:271,0,7ba9870fbb6aee2c75a2838d4ffc1a74fd63a85b984f38896f22e640a6cc1c58,-
BRDA:272,0,d9c1116dce7cffa4032fc9c5a9fb19ca212661a7dd47c519db2608af19f65e91,-
BRDA:273,0,e0c7c67a7692059b891969eccb28c0e73b12c4805789936ec6c957ecb6934475,-
BRDA:274,0,e0c7c67a7692059b891969eccb28c0e73b12c4805789936ec6c957ecb6934475,-
BRDA:275,0,e0c7c67a7692059b891969eccb28c0e73b12c4805789936ec6c957ecb6934475,-
BRDA:276,0,e0c7c67a7692059b891969eccb28c0e73b12c4805789936ec6c957ecb6934475,-
BRDA:277,0,e0c7c67a7692059b891969eccb28c0e73b12c4805789936ec6c957ecb6934475,-
BRDA:278,0,e0c7c67a7692059b891969eccb28c0e73b12c4805789936ec6c957ecb6934475,-
BRDA:279,0,e0c7c67a7692059b891969eccb28c0e73b12c4805789936ec6c957ecb6934475,-
BRDA:280,0,e0c7c67a7692059b891969eccb28c0e73b12c4805789936ec6c957ecb6934475,-
BRDA:273,0,5b7bc42caa798a2b96504530c3dd6c92a4700a5f8a547644086484ea4feaddd2,-
BRDA:274,0,5b7bc42caa798a2b96504530c3dd6c92a4700a5f8a547644086484ea4feaddd2,-
BRDA:275,0,5b7bc42caa798a2b96504530c3dd6c92a4700a5f8a547644086484ea4feaddd2,-
BRDA:276,0,5b7bc42caa798a2b96504530c3dd6c92a4700a5f8a547644086484ea4feaddd2,-
BRDA:277,0,5b7bc42caa798a2b96504530c3dd6c92a4700a5f8a547644086484ea4feaddd2,-
BRDA:278,0,5b7bc42caa798a2b96504530c3dd6c92a4700a5f8a547644086484ea4feaddd2,-
BRDA:279,0,5b7bc42caa798a2b96504530c3dd6c92a4700a5f8a547644086484ea4feaddd2,-
BRDA:280,0,5b7bc42caa798a2b96504530c3dd6c92a4700a5f8a547644086484ea4feaddd2,-
BRDA:274,0,7aa55d6d3630c9bc2f973aec3fd59b812070f83cc9f7e56b0f541a41ceccf919,-
BRDA:275,0,26a3b47ead4e09db5f88f9b6b45f29c5c4008e9415fc9deb55f231b59623c431,-
BRDA:276,0,d52c4d9ab5fa24d38c53d9a1789bd85687763fc58afc4b285550bee16197530b,-
BRDA:277,0,d52c4d9ab5fa24d38c53d9a1789bd85687763fc58afc4b285550bee16197530b,-
BRDA:278,0,d52c4d9ab5fa24d38c53d9a1789bd85687763fc58afc4b285550bee16197530b,-
BRDA:279,0,d52c4d9ab5fa24d38c53d9a1789bd85687763fc58afc4b285550bee16197530b,-
BRDA:276,0,a878e0349ff523bc820353a8ffb2f7c4378d715a4690b5844823ec53eb7467b2,-
BRDA:277,0,a878e0349ff523bc820353a8ffb2f7c4378d715a4690b5844823ec53eb7467b2,-
BRDA:278,0,a878e0349ff523bc820353a8ffb2f7c4378d715a4690b5844823ec53eb7467b2,-
BRDA:279,0,a878e0349ff523bc820353a8ffb2f7c4378d715a4690b5844823ec53eb7467b2,-
BRDA:277,0,a0659a3e565bd0f636106913fa93e8b032ffdbf0bed5d22a54e1c8f66573745f,-
BRDA:278,0,796a360d222f106cac751ae33a80aef7555e806ae69c78afdfd70622a2c39d64,-
BRDA:281,0,1665078b2020d44b2d6b5255548f915637252ad555d9180ff240ef2ec1833187,-
BRDA:282,0,2b778844491ee7208711db4b8e346422fcb240973cae39dc13fb4336f1bca5dd,-
BRDA:283,0,2b778844491ee7208711db4b8e346422fcb240973cae39dc13fb4336f1bca5dd,-
BRDA:284,0,69e03aebf075fb2e09307ecce3d9c210490564465984c33e5796e21c99bfddb5,-
BRDA:285,0,69e03aebf075fb2e09307ecce3d9c210490564465984c33e5796e21c99bfddb5,-
BRDA:286,0,69e03aebf075fb2e09307ecce3d9c210490564465984c33e5796e21c99bfddb5,-
BRDA:287,0,d13a90028a5bca0bf37b60acf8cd24e22fe270b82d8337a7579a75fe9b122224,-
BRDA:288,0,d13a90028a5bca0bf37b60acf8cd24e22fe270b82d8337a7579a75fe9b122224,-
BRDA:289,0,d13a90028a5bca0bf37b60acf8cd24e22fe270b82d8337a7579a75fe9b122224,-
BRDA:290,0,d13a90028a5bca0bf37b60acf8cd24e22fe270b82d8337a7579a75fe9b122224,-
BRDA:291,0,d13a90028a5bca0bf37b60acf8cd24e22fe270b82d8337a7579a75fe9b122224,-
BRDA:292,0,d13a90028a5bca0bf37b60acf8cd24e22fe270b82d8337a7579a75fe9b122224,-
BRDA:293,0,d13a90028a5bca0bf37b60acf8cd24e22fe270b82d8337a7579a75fe9b122224,-
BRDA:294,0,d13a90028a5bca0bf37b60acf8cd24e22fe270b82d8337a7579a75fe9b122224,-
BRDA:295,0,d13a90028a5bca0bf37b60acf8cd24e22fe270b82d8337a7579a75fe9b122224,-
BRDA:296,0,d13a90028a5bca0bf37b60acf8cd24e22fe270b82d8337a7579a75fe9b122224,-
BRDA:287,0,5f87b9691b81f5a3a947d0c6d1053913a3d662e304a1d0be3c7cc15effb1e3c5,-
BRDA:288,0,5f87b9691b81f5a3a947d0c6d1053913a3d662e304a1d0be3c7cc15effb1e3c5,-
BRDA:289,0,5f87b9691b81f5a3a947d0c6d1053913a3d662e304a1d0be3c7cc15effb1e3c5,-
BRDA:290,0,5f87b9691b81f5a3a947d0c6d1053913a3d662e304a1d0be3c7cc15effb1e3c5,-
BRDA:291,0,5f87b9691b81f5a3a947d0c6d1053913a3d662e304a1d0be3c7cc15effb1e3c5,-
BRDA:288,0,fbb057faa92fc1414fff38eaa270ceec87eb23b6b72a3053bf77e3046f3f2670,-
BRDA:289,0,d70de23552fe37b041fd024b786b87c1f462dcb5befabbd4d23666e1b55a8c7b,-
BRDA:290,0,10d7af83b3f896f552e1eaa7d10de4d567988802192996dab938e7ec689f12f1,-
BRDA:291,0,0c2da6e2460517cc8dd4dd8686a23d00dda5cb18a60225b2edd127e69599751c,-
BRDA:292,0,0c2da6e2460517cc8dd4dd8686a23d00dda5cb18a60225b2edd127e69599751c,-
BRDA:293,0,0c2da6e2460517cc8dd4dd8686a23d00dda5cb18a60225b2edd127e69599751c,-
BRDA:294,0,0c2da6e2460517cc8dd4dd8686a23d00dda5cb18a60225b2edd127e69599751c,-
BRDA:295,0,0c2da6e2460517cc8dd4dd8686a23d00dda5cb18a60225b2edd127e69599751c,-
BRDA:296,0,0c2da6e2460517cc8dd4dd8686a23d00dda5cb18a60225b2edd127e69599751c,-
BRDA:292,0,817691e19a910e346426cee39dda393ac7e65890221a423bd392d83345681233,-
BRDA:293,0,45dbb06729675b1776c34dd5b79f0b69149411119f76d56e9dd9ed41830f9d48,-
BRDA:294,0,dceddbca28ab3b0d966d3cad914fc703ac6e87c25599e382c674b45e16e6ac91,-
BRDA:295,0,1c748edf3884bc833a13afad15555ff55bdf5c82b9c5d3eefd22cba2ac925660,-
BRDA:297,0,9d9df80c5470e230ba768415ffb4bcd27678802a240abed50bff57ac74f78c5d,-
BRDA:298,0,9d9df80c5470e230ba768415ffb4bcd27678802a240abed50bff57ac74f78c5d,-
BRDA:299,0,9d9df80c5470e230ba768415ffb4bcd27678802a240abed50bff57ac74f78c5d,-
BRDA:300,0,6db0fe104e25b3bf669f7b6d9593f8089855ce14202b9d63807af25bf105373b,-
BRDA:301,0,e9b901109f829c2e703447e6105a0e36b6fe09151b05b19bd9ca0e62e1fb3d25,-
BRDA:302,0,e9b901109f829c2e703447e6105a0e36b6fe09151b05b19bd9ca0e62e1fb3d25,-
BRDA:303,0,e9b901109f829c2e703447e6105a0e36b6fe09151b05b19bd9ca0e62e1fb3d25,-
BRDA:304,0,e9b901109f829c2e703447e6105a0e36b6fe09151b05b19bd9ca0e62e1fb3d25,-
BRDA:305,0,e9b901109f829c2e703447e6105a0e36b6fe09151b05b19bd9ca0e62e1fb3d25,-
BRDA:306,0,e9b901109f829c2e703447e6105a0e36b6fe09151b05b19bd9ca0e62e1fb3d25,-
BRDA:307,0,e9b901109f829c2e703447e6105a0e36b6fe09151b05b19bd9ca0e62e1fb3d25,-
BRDA:308,0,e9b901109f829c2e703447e6105a0e36b6fe09151b05b19bd9ca0e62e1fb3d25,-
BRDA:309,0,e9b901109f829c2e703447e6105a0e36b6fe09151b05b19bd9ca0e62e1fb3d25,-
BRDA:310,0,e9b901109f829c2e703447e6105a0e36b6fe09151b05b19bd9ca0e62e1fb3d25,-
BRDA:311,0,e9b901109f829c2e703447e6105a0e36b6fe09151b05b19bd9ca0e62e1fb3d25,-
BRDA:312,0,e9b901109f829c2e703447e6105a0e36b6fe09151b05b19bd9ca0e62e1fb3d25,-
BRDA:313,0,e9b901109f829c2e703447e6105a0e36b6fe09151b05b19bd9ca0e62e1fb3d25,-
BRDA:301,0,2c61f3c9b2d73e4c17a03f3a416193b56f7d81731c70ee578ac38fcdf95256b9,-
BRDA:302,0,2c61f3c9b2d73e4c17a03f3a416193b56f7d81731c70ee578ac38fcdf95256b9,-
BRDA:303,0,2c61f3c9b2d73e4c17a03f3a416193b56f7d81731c70ee578ac38fcdf95256b9,-
BRDA:304,0,2c61f3c9b2d73e4c17a03f3a416193b56f7d81731c70ee578ac38fcdf95256b9,-
BRDA:305,0,2c61f3c9b2d73e4c17a03f3a416193b56f7d81731c70ee578ac38fcdf95256b9,-
BRDA:306,0,2c61f3c9b2d73e4c17a03f3a416193b56f7d81731c70ee578ac38fcdf95256b9,-
BRDA:307,0,2c61f3c9b2d73e4c17a03f3a416193b56f7d81731c70ee578ac38fcdf95256b9,-
BRDA:308,0,2c61f3c9b2d73e4c17a03f3a416193b56f7d81731c70ee578ac38fcdf95256b9,-
BRDA:309,0,2c61f3c9b2d73e4c17a03f3a416193b56f7d81731c70ee578ac38fcdf95256b9,-
BRDA:310,0,2c61f3c9b2d73e4c17a03f3a416193b56f7d81731c70ee578ac38fcdf95256b9,-
BRDA:311,0,2c61f3c9b2d73e4c17a03f3a416193b56f7d81731c70ee578ac38fcdf95256b9,-
BRDA:312,0,2c61f3c9b2d73e4c17a03f3a416193b56f7d81731c70ee578ac38fcdf95256b9,-
BRDA:313,0,2c61f3c9b2d73e4c17a03f3a416193b56f7d81731c70ee578ac38fcdf95256b9,-
BRDA:302,0,bc47b11becaa724011cc345a38e661097dd223439f2eb1dc68d44a3a406ff412,-
BRDA:303,0,68bce63463ae705c693adae80261e58c9093331af368353b20ae4fd8b14c9cba,-
BRDA:304,0,c6d66b68004c71dc0086c4b94bcf581cb6eeee661ed229667b1b008d86e4be1c,-
BRDA:305,0,d09d328eb7c40165667e1fe9e4b634039cc19be7bed52be76de06fb587503551,-
BRDA:306,0,d09d328eb7c40165667e1fe9e4b634039cc19be7bed52be76de06fb587503551,-
BRDA:307,0,d09d328eb7c40165667e1fe9e4b634039cc19be7bed52be76de06fb587503551,-
BRDA:308,0,d09d328eb7c40165667e1fe9e4b634039cc19be7bed52be76de06fb587503551,-
BRDA:305,0,1442199a8c560bf9a55e0e843fb5f5c0a8836cda146c8c2615e98a2a74ad3dd9,-
BRDA:306,0,1442199a8c560bf9a55e0e843fb5f5c0a8836cda146c8c2615e98a2a74ad3dd9,-
BRDA:307,0,1442199a8c560bf9a55e0e843fb5f5c0a8836cda146c8c2615e98a2a74ad3dd9,-
BRDA:308,0,1442199a8c560bf9a55e0e843fb5f5c0a8836cda146c8c2615e98a2a74ad3dd9,-
BRDA:306,0,5eafcc9709bafb1d1e04b935542e96701e1c9a4bde917c6c89f3842d945d97ad,-
BRDA:307,0,bbf836280b83d169d61529ba7083f0b6401e0cf8aad3feb88899a26b1a76b8c1,-
BRDA:309,0,f199a3995f5088528b2e090378de3dc8ec4684ddddd1cf3aa69e26f75af53b00,-
BRDA:310,0,3701eb7a1eb3835483153d0acc62b29c77095b2bf617d412563038caa265c2f2,-
BRDA:311,0,a3ff46ce25c9a4458198d5173d84f5e5df42e0117f6e407a7263d85b9ddad1f1,-
BRDA:312,0,efc1cb8ec37a2af7e71f73be82ab430b2fcb59f019a99ca45d0ba9f89eda8295,-
BRDA:314,0,e91689b64c4f9644481ec9450ba69fe92b194b46ecdbf45ba2a94072b3304a4c,-
BRDA:315,0,e91689b64c4f9644481ec9450ba69fe92b194b46ecdbf45ba2a94072b3304a4c,-
BRDA:316,0,8e3d02058090b9a5c4c3045610bc65951a03d6abd5e112acd0b136f0a07af77f,-
BRDA:317,0,8e3d02058090b9a5c4c3045610bc65951a03d6abd5e112acd0b136f0a07af77f,-
BRDA:318,0,8e3d02058090b9a5c4c3045610bc65951a03d6abd5e112acd0b136f0a07af77f,-
BRDA:319,0,8e3d02058090b9a5c4c3045610bc65951a03d6abd5e112acd0b136f0a07af77f,-
BRDA:320,0,8e3d02058090b9a5c4c3045610bc65951a03d6abd5e112acd0b136f0a07af77f,-
BRDA:321,0,8e3d02058090b9a5c4c3045610bc65951a03d6abd5e112acd0b136f0a07af77f,-
BRDA:322,0,8e3d02058090b9a5c4c3045610bc65951a03d6abd5e112acd0b136f0a07af77f,-
BRDA:323,0,8e3d02058090b9a5c4c3045610bc65951a03d6abd5e112acd0b136f0a07af77f,-
BRDA:324,0,8e3d02058090b9a5c4c3045610bc65951a03d6abd5e112acd0b136f0a07af77f,-
BRDA:325,0,8e3d02058090b9a5c4c3045610bc65951a03d6abd5e112acd0b136f0a07af77f,-
BRDA:326,0,8e3d02058090b9a5c4c3045610bc65951a03d6abd5e112acd0b136f0a07af77f,-
BRDA:327,0,8e3d02058090b9a5c4c3045610bc65951a03d6abd5e112acd0b136f0a07af77f,-
BRDA:328,0,8e3d02058090b9a5c4c3045610bc65951a03d6abd5e112acd0b136f0a07af77f,-
BRDA:329,0,8e3d02058090b9a5c4c3045610bc65951a03d6abd5e112acd0b136f0a07af77f,-
BRDA:330,0,8e3d02058090b9a5c4c3045610bc65951a03d6abd5e112acd0b136f0a07af77f,-
BRDA:331,0,8e3d02058090b9a5c4c3045610bc65951a03d6abd5e112acd0b136f0a07af77f,-
BRDA:332,0,8e3d02058090b9a5c4c3045610bc65951a03d6abd5e112acd0b136f0a07af77f,-
BRDA:333,0,8e3d02058090b9a5c4c3045610bc65951a03d6abd5e112acd0b136f0a07af77f,-
BRDA:334,0,8e3d02058090b9a5c4c3045610bc65951a03d6abd5e112acd0b136f0a07af77f,-
BRDA:335,0,8e3d02058090b9a5c4c3045610bc65951a03d6abd5e112acd0b136f0a07af77f,-
BRDA:336,0,8e3d02058090b9a5c4c3045610bc65951a03d6abd5e112acd0b136f0a07af77f,-
BRDA:337,0,8e3d02058090b9a5c4c3045610bc65951a03d6abd5e112acd0b136f0a07af77f,-
BRDA:338,0,8e3d02058090b9a5c4c3045610bc65951a03d6abd5e112acd0b136f0a07af77f,-
BRDA:339,0,8e3d02058090b9a5c4c3045610bc65951a03d6abd5e112acd0b136f0a07af77f,-
BRDA:340,0,8e3d02058090b9a5c4c3045610bc65951a03d6abd5e112acd0b136f0a07af77f,-
BRDA:341,0,8e3d02058090b9a5c4c3045610bc65951a03d6abd5e112acd0b136f0a07af77f,-
BRDA:342,0,8e3d02058090b9a5c4c3045610bc65951a03d6abd5e112acd0b136f0a07af77f,-
BRDA:343,0,8e3d02058090b9a5c4c3045610bc65951a03d6abd5e112acd0b136f0a07af77f,-
BRDA:344,0,8e3d02058090b9a5c4c3045610bc65951a03d6abd5e112acd0b136f0a07af77f,-
BRDA:345,0,8e3d02058090b9a5c4c3045610bc65951a03d6abd5e112acd0b136f0a07af77f,-
BRDA:346,0,8e3d02058090b9a5c4c3045610bc65951a03d6abd5e112acd0b136f0a07af77f,-
BRDA:347,0,8e3d02058090b9a5c4c3045610bc65951a03d6abd5e112acd0b136f0a07af77f,-
BRDA:348,0,8e3d02058090b9a5c4c3045610bc65951a03d6abd5e112acd0b136f0a07af77f,-
BRDA:349,0,8e3d02058090b9a5c4c3045610bc65951a03d6abd5e112acd0b136f0a07af77f,-
BRDA:350,0,8e3d02058090b9a5c4c3045610bc65951a03d6abd5e112acd0b136f0a07af77f,-
BRDA:351,0,8e3d02058090b9a5c4c3045610bc65951a03d6abd5e112acd0b136f0a07af77f,-
BRDA:352,0,8e3d02058090b9a5c4c3045610bc65951a03d6abd5e112acd0b136f0a07af77f,-
BRDA:353,0,8e3d02058090b9a5c4c3045610bc65951a03d6abd5e112acd0b136f0a07af77f,-
BRDA:354,0,8e3d02058090b9a5c4c3045610bc65951a03d6abd5e112acd0b136f0a07af77f,-
BRDA:355,0,8e3d02058090b9a5c4c3045610bc65951a03d6abd5e112acd0b136f0a07af77f,-
BRDA:356,0,8e3d02058090b9a5c4c3045610bc65951a03d6abd5e112acd0b136f0a07af77f,-
BRDA:357,0,8e3d02058090b9a5c4c3045610bc65951a03d6abd5e112acd0b136f0a07af77f,-
BRDA:358,0,8e3d02058090b9a5c4c3045610bc65951a03d6abd5e112acd0b136f0a07af77f,-
BRDA:359,0,8e3d02058090b9a5c4c3045610bc65951a03d6abd5e112acd0b136f0a07af77f,-
BRDA:360,0,8e3d02058090b9a5c4c3045610bc65951a03d6abd5e112acd0b136f0a07af77f,-
BRDA:361,0,8e3d02058090b9a5c4c3045610bc65951a03d6abd5e112acd0b136f0a07af77f,-
BRDA:362,0,8e3d02058090b9a5c4c3045610bc65951a03d6abd5e112acd0b136f0a07af77f,-
BRDA:363,0,8e3d02058090b9a5c4c3045610bc65951a03d6abd5e112acd0b136f0a07af77f,-
BRDA:364,0,8e3d02058090b9a5c4c3045610bc65951a03d6abd5e112acd0b136f0a07af77f,-
BRDA:365,0,8e3d02058090b9a5c4c3045610bc65951a03d6abd5e112acd0b136f0a07af77f,-
BRDA:366,0,8e3d02058090b9a5c4c3045610bc65951a03d6abd5e112acd0b136f0a07af77f,-
BRDA:318,0,ab9951d9f46c7e1eee63bf5d1613c68fc7684832027a39d3eedd8ac8e506177f,-
BRDA:319,0,ab9951d9f46c7e1eee63bf5d1613c68fc7684832027a39d3eedd8ac8e506177f,-
BRDA:320,0,ab9951d9f46c7e1eee63bf5d1613c68fc7684832027a39d3eedd8ac8e506177f,-
BRDA:321,0,ab9951d9f46c7e1eee63bf5d1613c68fc7684832027a39d3eedd8ac8e506177f,-
BRDA:322,0,ab9951d9f46c7e1eee63bf5d1613c68fc7684832027a39d3eedd8ac8e506177f,-
BRDA:323,0,ab9951d9f46c7e1eee63bf5d1613c68fc7684832027a39d3eedd8ac8e506177f,-
BRDA:324,0,ab9951d9f46c7e1eee63bf5d1613c68fc7684832027a39d3eedd8ac8e506177f,-
BRDA:325,0,ab9951d9f46c7e1eee63bf5d1613c68fc7684832027a39d3eedd8ac8e506177f,-
BRDA:326,0,ab9951d9f46c7e1eee63bf5d1613c68fc7684832027a39d3eedd8ac8e506177f,-
BRDA:327,0,ab9951d9f46c7e1eee63bf5d1613c68fc7684832027a39d3eedd8ac8e506177f,-
BRDA:328,0,ab9951d9f46c7e1eee63bf5d1613c68fc7684832027a39d3eedd8ac8e506177f,-
BRDA:329,0,ab9951d9f46c7e1eee63bf5d1613c68fc7684832027a39d3eedd8ac8e506177f,-
BRDA:330,0,ab9951d9f46c7e1eee63bf5d1613c68fc7684832027a39d3eedd8ac8e506177f,-
BRDA:331,0,ab9951d9f46c7e1eee63bf5d1613c68fc7684832027a39d3eedd8ac8e506177f,-
BRDA:332,0,ab9951d9f46c7e1eee63bf5d1613c68fc7684832027a39d3eedd8ac8e506177f,-
BRDA:333,0,ab9951d9f46c7e1eee63bf5d1613c68fc7684832027a39d3eedd8ac8e506177f,-
BRDA:334,0,ab9951d9f46c7e1eee63bf5d1613c68fc7684832027a39d3eedd8ac8e506177f,-
BRDA:335,0,ab9951d9f46c7e1eee63bf5d1613c68fc7684832027a39d3eedd8ac8e506177f,-
BRDA:336,0,ab9951d9f46c7e1eee63bf5d1613c68fc7684832027a39d3eedd8ac8e506177f,-
BRDA:337,0,ab9951d9f46c7e1eee63bf5d1613c68fc7684832027a39d3eedd8ac8e506177f,-
BRDA:338,0,ab9951d9f46c7e1eee63bf5d1613c68fc7684832027a39d3eedd8ac8e506177f,-
BRDA:339,0,ab9951d9f46c7e1eee63bf5d1613c68fc7684832027a39d3eedd8ac8e506177f,-
BRDA:340,0,ab9951d9f46c7e1eee63bf5d1613c68fc7684832027a39d3eedd8ac8e506177f,-
BRDA:341,0,ab9951d9f46c7e1eee63bf5d1613c68fc7684832027a39d3eedd8ac8e506177f,-
BRDA:342,0,ab9951d9f46c7e1eee63bf5d1613c68fc7684832027a39d3eedd8ac8e506177f,-
BRDA:343,0,ab9951d9f46c7e1eee63bf5d1613c68fc7684832027a39d3eedd8ac8e506177f,-
BRDA:344,0,ab9951d9f46c7e1eee63bf5d1613c68fc7684832027a39d3eedd8ac8e506177f,-
BRDA:345,0,ab9951d9f46c7e1eee63bf5d1613c68fc7684832027a39d3eedd8ac8e506177f,-
BRDA:346,0,ab9951d9f46c7e1eee63bf5d1613c68fc7684832027a39d3eedd8ac8e506177f,-
BRDA:347,0,ab9951d9f46c7e1eee63bf5d1613c68fc7684832027a39d3eedd8ac8e506177f,-
BRDA:348,0,ab9951d9f46c7e1eee63bf5d1613c68fc7684832027a39d3eedd8ac8e506177f,-
BRDA:349,0,ab9951d9f46c7e1eee63bf5d1613c68fc7684832027a39d3eedd8ac8e506177f,-
BRDA:350,0,ab9951d9f46c7e1eee63bf5d1613c68fc7684832027a39d3eedd8ac8e506177f,-
BRDA:351,0,ab9951d9f46c7e1eee63bf5d1613c68fc7684832027a39d3eedd8ac8e506177f,-
BRDA:352,0,ab9951d9f46c7e1eee63bf5d1613c68fc7684832027a39d3eedd8ac8e506177f,-
BRDA:353,0,ab9951d9f46c7e1eee63bf5d1613c68fc7684832027a39d3eedd8ac8e506177f,-
BRDA:354,0,ab9951d9f46c7e1eee63bf5d1613c68fc7684832027a39d3eedd8ac8e506177f,-
BRDA:355,0,ab9951d9f46c7e1eee63bf5d1613c68fc7684832027a39d3eedd8ac8e506177f,-
BRDA:356,0,ab9951d9f46c7e1eee63bf5d1613c68fc7684832027a39d3eedd8ac8e506177f,-
BRDA:357,0,ab9951d9f46c7e1eee63bf5d1613c68fc7684832027a39d3eedd8ac8e506177f,-
BRDA:358,0,ab9951d9f46c7e1eee63bf5d1613c68fc7684832027a39d3eedd8ac8e506177f,-
BRDA:359,0,ab9951d9f46c7e1eee63bf5d1613c68fc7684832027a39d3eedd8ac8e506177f,-
BRDA:360,0,ab9951d9f46c7e1eee63bf5d1613c68fc7684832027a39d3eedd8ac8e506177f,-
BRDA:361,0,ab9951d9f46c7e1eee63bf5d1613c68fc7684832027a39d3eedd8ac8e506177f,-
BRDA:362,0,ab9951d9f46c7e1eee63bf5d1613c68fc7684832027a39d3eedd8ac8e506177f,-
BRDA:363,0,ab9951d9f46c7e1eee63bf5d1613c68fc7684832027a39d3eedd8ac8e506177f,-
BRDA:364,0,ab9951d9f46c7e1eee63bf5d1613c68fc7684832027a39d3eedd8ac8e506177f,-
BRDA:365,0,ab9951d9f46c7e1eee63bf5d1613c68fc7684832027a39d3eedd8ac8e506177f,-
BRDA:366,0,ab9951d9f46c7e1eee63bf5d1613c68fc7684832027a39d3eedd8ac8e506177f,-
BRDA:319,0,0205de3283539090a568ea24684b40db199a6a446b7175d610d69665a3fc0e96,-
BRDA:320,0,a25b11d7746f590bfef6119b8113fc65329924b438e3cca4acb7c6057385f0ce,-
BRDA:321,0,d7da75ecb85f938a9b8af1caed6fcd11e0561b7daad930420c03ffd169535978,-
BRDA:322,0,d7da75ecb85f938a9b8af1caed6fcd11e0561b7daad930420c03ffd169535978,-
BRDA:323,0,d7da75ecb85f938a9b8af1caed6fcd11e0561b7daad930420c03ffd169535978,-
BRDA:324,0,d7da75ecb85f938a9b8af1caed6fcd11e0561b7daad930420c03ffd169535978,-
BRDA:325,0,d7da75ecb85f938a9b8af1caed6fcd11e0561b7daad930420c03ffd169535978,-
BRDA:326,0,d7da75ecb85f938a9b8af1caed6fcd11e0561b7daad930420c03ffd169535978,-
BRDA:327,0,d7da75ecb85f938a9b8af1caed6fcd11e0561b7daad930420c03ffd169535978,-
BRDA:328,0,d7da75ecb85f938a9b8af1caed6fcd11e0561b7daad930420c03ffd169535978,-
BRDA:329,0,d7da75ecb85f938a9b8af1caed6fcd11e0561b7daad930420c03ffd169535978,-
BRDA:330,0,d7da75ecb85f938a9b8af1caed6fcd11e0561b7daad930420c03ffd169535978,-
BRDA:323,0,aaa7ccd0bccc3aa452c425677f3f3ff96d48a0876da5367de52efdf3f89bd22e,-
BRDA:324,0,aaa7ccd0bccc3aa452c425677f3f3ff96d48a0876da5367de52efdf3f89bd22e,-
BRDA:325,0,aaa7ccd0bccc3aa452c425677f3f3ff96d48a0876da5367de52efdf3f89bd22e,-
BRDA:326,0,aaa7ccd0bccc3aa452c425677f3f3ff96d48a0876da5367de52efdf3f89bd22e,-
BRDA:324,0,3833ee4c5aefce7046be1c77695ece5cd3e20b717b05b1f98e63b8cc3016fab7,-
BRDA:325,0,141d1be8b64a73978723b64f7b2a1507b7ef4bebbfcac21b7a40bd0fb5ed1e12,-
BRDA:326,0,e4a6d367dd85916a2d63e71eb1916316cd4f3009d01a7c4acbafac57304986d7,-
BRDA:327,0,e4a6d367dd85916a2d63e71eb1916316cd4f3009d01a7c4acbafac57304986d7,-
BRDA:328,0,e4a6d367dd85916a2d63e71eb1916316cd4f3009d01a7c4acbafac57304986d7,-
BRDA:329,0,e4a6d367dd85916a2d63e71eb1916316cd4f3009d01a7c4acbafac57304986d7,-
BRDA:330,0,e4a6d367dd85916a2d63e71eb1916316cd4f3009d01a7c4acbafac57304986d7,-
BRDA:327,0,fa5bc586bb2778cbd8afb36503b33c83b817afd8464ea4521fe94a5344306deb,-
BRDA:328,0,fa5bc586bb2778cbd8afb36503b33c83b817afd8464ea4521fe94a5344306deb,-
BRDA:329,0,b8b0dc4040611d4500a2d5bcf3a1e12ad086dc2b03434a7dd4f3d126893236af,-
BRDA:331,0,238ab7bc9884f18aacb84d7419710b106c68de7d31ad0c7993122f4d2082d753,-
BRDA:332,0,238ab7bc9884f18aacb84d7419710b106c68de7d31ad0c7993122f4d2082d753,-
BRDA:333,0,238ab7bc9884f18aacb84d7419710b106c68de7d31ad0c7993122f4d2082d753,-
BRDA:334,0,238ab7bc9884f18aacb84d7419710b106c68de7d31ad0c7993122f4d2082d753,-
BRDA:335,0,238ab7bc9884f18aacb84d7419710b106c68de7d31ad0c7993122f4d2082d753,-
BRDA:336,0,238ab7bc9884f18aacb84d7419710b106c68de7d31ad0c7993122f4d2082d753,-
BRDA:337,0,238ab7bc9884f18aacb84d7419710b106c68de7d31ad0c7993122f4d2082d753,-
BRDA:338,0,238ab7bc9884f18aacb84d7419710b106c68de7d31ad0c7993122f4d2082d753,-
BRDA:339,0,238ab7bc9884f18aacb84d7419710b106c68de7d31ad0c7993122f4d2082d753,-
BRDA:340,0,238ab7bc9884f18aacb84d7419710b106c68de7d31ad0c7993122f4d2082d753,-
BRDA:341,0,238ab7bc9884f18aacb84d7419710b106c68de7d31ad0c7993122f4d2082d753,-
BRDA:342,0,238ab7bc9884f18aacb84d7419710b106c68de7d31ad0c7993122f4d2082d753,-
BRDA:343,0,238ab7bc9884f18aacb84d7419710b106c68de7d31ad0c7993122f4d2082d753,-
BRDA:344,0,238ab7bc9884f18aacb84d7419710b106c68de7d31ad0c7993122f4d2082d753,-
BRDA:345,0,238ab7bc9884f18aacb84d7419710b106c68de7d31ad0c7993122f4d2082d753,-
BRDA:346,0,238ab7bc9884f18aacb84d7419710b106c68de7d31ad0c7993122f4d2082d753,-
BRDA:347,0,238ab7bc9884f18aacb84d7419710b106c68de7d31ad0c7993122f4d2082d753,-
BRDA:348,0,238ab7bc9884f18aacb84d7419710b106c68de7d31ad0c7993122f4d2082d753,-
BRDA:349,0,238ab7bc9884f18aacb84d7419710b106c68de7d31ad0c7993122f4d2082d753,-
BRDA:350,0,238ab7bc9884f18aacb84d7419710b106c68de7d31ad0c7993122f4d2082d753,-
BRDA:351,0,238ab7bc9884f18aacb84d7419710b106c68de7d31ad0c7993122f4d2082d753,-
BRDA:352,0,238ab7bc9884f18aacb84d7419710b106c68de7d31ad0c7993122f4d2082d753,-
BRDA:353,0,238ab7bc9884f18aacb84d7419710b106c68de7d31ad0c7993122f4d2082d753,-
BRDA:354,0,238ab7bc9884f18aacb84d7419710b106c68de7d31ad0c7993122f4d2082d753,-
BRDA:355,0,238ab7bc9884f18aacb84d7419710b106c68de7d31ad0c7993122f4d2082d753,-
BRDA:356,0,238ab7bc9884f18aacb84d7419710b106c68de7d31ad0c7993122f4d2082d753,-
BRDA:357,0,238ab7bc9884f18aacb84d7419710b106c68de7d31ad0c7993122f4d2082d753,-
BRDA:358,0,238ab7bc9884f18aacb84d7419710b106c68de7d31ad0c7993122f4d2082d753,-
BRDA:359,0,238ab7bc9884f18aacb84d7419710b106c68de7d31ad0c7993122f4d2082d753,-
BRDA:360,0,238ab7bc9884f18aacb84d7419710b106c68de7d31ad0c7993122f4d2082d753,-
BRDA:361,0,238ab7bc9884f18aacb84d7419710b106c68de7d31ad0c7993122f4d2082d753,-
BRDA:333,0,8b941f23e73b4019c7e111156c9f89eeb681703ea1d6adf88921cb3bd1a1517b,-
BRDA:334,0,8b941f23e73b4019c7e111156c9f89eeb681703ea1d6adf88921cb3bd1a1517b,-
BRDA:335,0,8b941f23e73b4019c7e111156c9f89eeb681703ea1d6adf88921cb3bd1a1517b,-
BRDA:336,0,8b941f23e73b4019c7e111156c9f89eeb681703ea1d6adf88921cb3bd1a1517b,-
BRDA:337,0,8b941f23e73b4019c7e111156c9f89eeb681703ea1d6adf88921cb3bd1a1517b,-
BRDA:338,0,8b941f23e73b4019c7e111156c9f89eeb681703ea1d6adf88921cb3bd1a1517b,-
BRDA:339,0,8b941f23e73b4019c7e111156c9f89eeb681703ea1d6adf88921cb3bd1a1517b,-
BRDA:334,0,8a7199aa9453fe641816b131140d493d2afcaa02f551dfb76a87a487276c51db,-
BRDA:335,0,84852e74aa5ebc9344ed388f398239e77961a767026eba1525ace5bfa575cc13,-
BRDA:336,0,84852e74aa5ebc9344ed388f398239e77961a767026eba1525ace5bfa575cc13,-
BRDA:337,0,84852e74aa5ebc9344ed388f398239e77961a767026eba1525ace5bfa575cc13,-
BRDA:338,0,84852e74aa5ebc9344ed388f398239e77961a767026eba1525ace5bfa575cc13,-
BRDA:335,0,701d6007a2c52f5b00a42423a7d853786043d2f737aa59a7b7630fb9a6a2e497,-
BRDA:336,0,701d6007a2c52f5b00a42423a7d853786043d2f737aa59a7b7630fb9a6a2e497,-
BRDA:337,0,701d6007a2c52f5b00a42423a7d853786043d2f737aa59a7b7630fb9a6a2e497,-
BRDA:338,0,701d6007a2c52f5b00a42423a7d853786043d2f737aa59a7b7630fb9a6a2e497,-
BRDA:336,0,111cd137d7f067f37d57837f9c8d4536635b0328e046ed88f6e4803e5fad794c,-
BRDA:337,0,2a139551e3d956493d66a57fae05e72813fb4e89b11b81b9be48972163043471,-
BRDA:339,0,5b06566d888b23952216fae41098cd0191db22f174cc44f06df09742abc0e9c9,-
BRDA:340,0,5b06566d888b23952216fae41098cd0191db22f174cc44f06df09742abc0e9c9,-
BRDA:341,0,5b06566d888b23952216fae41098cd0191db22f174cc44f06df09742abc0e9c9,-
BRDA:342,0,5b06566d888b23952216fae41098cd0191db22f174cc44f06df09742abc0e9c9,-
BRDA:343,0,5b06566d888b23952216fae41098cd0191db22f174cc44f06df09742abc0e9c9,-
BRDA:344,0,5b06566d888b23952216fae41098cd0191db22f174cc44f06df09742abc0e9c9,-
BRDA:345,0,5b06566d888b23952216fae41098cd0191db22f174cc44f06df09742abc0e9c9,-
BRDA:346,0,5b06566d888b23952216fae41098cd0191db22f174cc44f06df09742abc0e9c9,-
BRDA:347,0,5b06566d888b23952216fae41098cd0191db22f174cc44f06df09742abc0e9c9,-
BRDA:348,0,5b06566d888b23952216fae41098cd0191db22f174cc44f06df09742abc0e9c9,-
BRDA:349,0,5b06566d888b23952216fae41098cd0191db22f174cc44f06df09742abc0e9c9,-
BRDA:350,0,5b06566d888b23952216fae41098cd0191db22f174cc44f06df09742abc0e9c9,-
BRDA:351,0,5b06566d888b23952216fae41098cd0191db22f174cc44f06df09742abc0e9c9,-
BRDA:352,0,5b06566d888b23952216fae41098cd0191db22f174cc44f06df09742abc0e9c9,-
BRDA:353,0,5b06566d888b23952216fae41098cd0191db22f174cc44f06df09742abc0e9c9,-
BRDA:354,0,5b06566d888b23952216fae41098cd0191db22f174cc44f06df09742abc0e9c9,-
BRDA:355,0,5b06566d888b23952216fae41098cd0191db22f174cc44f06df09742abc0e9c9,-
BRDA:356,0,5b06566d888b23952216fae41098cd0191db22f174cc44f06df09742abc0e9c9,-
BRDA:357,0,5b06566d888b23952216fae41098cd0191db22f174cc44f06df09742abc0e9c9,-
BRDA:358,0,5b06566d888b23952216fae41098cd0191db22f174cc44f06df09742abc0e9c9,-
BRDA:359,0,5b06566d888b23952216fae41098cd0191db22f174cc44f06df09742abc0e9c9,-
BRDA:360,0,5b06566d888b23952216fae41098cd0191db22f174cc44f06df09742abc0e9c9,-
BRDA:361,0,5b06566d888b23952216fae41098cd0191db22f174cc44f06df09742abc0e9c9,-
BRDA:340,0,0d31a76a713b8afc1b04820de20097358964a23d0856035617dafc7ec564f7ae,-
BRDA:341,0,0d31a76a713b8afc1b04820de20097358964a23d0856035617dafc7ec564f7ae,-
BRDA:342,0,0d31a76a713b8afc1b04820de20097358964a23d0856035617dafc7ec564f7ae,-
BRDA:343,0,0d31a76a713b8afc1b04820de20097358964a23d0856035617dafc7ec564f7ae,-
BRDA:344,0,0d31a76a713b8afc1b04820de20097358964a23d0856035617dafc7ec564f7ae,-
BRDA:345,0,0d31a76a713b8afc1b04820de20097358964a23d0856035617dafc7ec564f7ae,-
BRDA:346,0,0d31a76a713b8afc1b04820de20097358964a23d0856035617dafc7ec564f7ae,-
BRDA:347,0,0d31a76a713b8afc1b04820de20097358964a23d0856035617dafc7ec564f7ae,-
BRDA:348,0,0d31a76a713b8afc1b04820de20097358964a23d0856035617dafc7ec564f7ae,-
BRDA:349,0,0d31a76a713b8afc1b04820de20097358964a23d0856035617dafc7ec564f7ae,-
BRDA:350,0,0d31a76a713b8afc1b04820de20097358964a23d0856035617dafc7ec564f7ae,-
BRDA:351,0,0d31a76a713b8afc1b04820de20097358964a23d0856035617dafc7ec564f7ae,-
BRDA:352,0,0d31a76a713b8afc1b04820de20097358964a23d0856035617dafc7ec564f7ae,-
BRDA:353,0,0d31a76a713b8afc1b04820de20097358964a23d0856035617dafc7ec564f7ae,-
BRDA:354,0,0d31a76a713b8afc1b04820de20097358964a23d0856035617dafc7ec564f7ae,-
BRDA:355,0,0d31a76a713b8afc1b04820de20097358964a23d0856035617dafc7ec564f7ae,-
BRDA:356,0,0d31a76a713b8afc1b04820de20097358964a23d0856035617dafc7ec564f7ae,-
BRDA:357,0,0d31a76a713b8afc1b04820de20097358964a23d0856035617dafc7ec564f7ae,-
BRDA:358,0,0d31a76a713b8afc1b04820de20097358964a23d0856035617dafc7ec564f7ae,-
BRDA:359,0,0d31a76a713b8afc1b04820de20097358964a23d0856035617dafc7ec564f7ae,-
BRDA:360,0,0d31a76a713b8afc1b04820de20097358964a23d0856035617dafc7ec564f7ae,-
BRDA:341,0,9d2730da494c65a5476febf7863e8c99711781c23f16887d991235c8aab44004,-
BRDA:342,0,9d2730da494c65a5476febf7863e8c99711781c23f16887d991235c8aab44004,-
BRDA:343,0,9d2730da494c65a5476febf7863e8c99711781c23f16887d991235c8aab44004,-
BRDA:344,0,9d2730da494c65a5476febf7863e8c99711781c23f16887d991235c8aab44004,-
BRDA:345,0,9d2730da494c65a5476febf7863e8c99711781c23f16887d991235c8aab44004,-
BRDA:346,0,9d2730da494c65a5476febf7863e8c99711781c23f16887d991235c8aab44004,-
BRDA:347,0,9d2730da494c65a5476febf7863e8c99711781c23f16887d991235c8aab44004,-
BRDA:348,0,9d2730da494c65a5476febf7863e8c99711781c23f16887d991235c8aab44004,-
BRDA:349,0,9d2730da494c65a5476febf7863e8c99711781c23f16887d991235c8aab44004,-
BRDA:350,0,9d2730da494c65a5476febf7863e8c99711781c23f16887d991235c8aab44004,-
BRDA:351,0,9d2730da494c65a5476febf7863e8c99711781c23f16887d991235c8aab44004,-
BRDA:352,0,9d2730da494c65a5476febf7863e8c99711781c23f16887d991235c8aab44004,-
BRDA:353,0,9d2730da494c65a5476febf7863e8c99711781c23f16887d991235c8aab44004,-
BRDA:354,0,9d2730da494c65a5476febf7863e8c99711781c23f16887d991235c8aab44004,-
BRDA:355,0,9d2730da494c65a5476febf7863e8c99711781c23f16887d991235c8aab44004,-
BRDA:356,0,9d2730da494c65a5476febf7863e8c99711781c23f16887d991235c8aab44004,-
BRDA:357,0,9d2730da494c65a5476febf7863e8c99711781c23f16887d991235c8aab44004,-
BRDA:358,0,9d2730da494c65a5476febf7863e8c99711781c23f16887d991235c8aab44004,-
BRDA:359,0,9d2730da494c65a5476febf7863e8c99711781c23f16887d991235c8aab44004,-
BRDA:360,0,9d2730da494c65a5476febf7863e8c99711781c23f16887d991235c8aab44004,-
BRDA:342,0,320d10385a36111c828c914a2a6c166adccef9a072586188323633c902c84b80,-
BRDA:343,0,e2fa31ed28194e24f4f5e2925daa2f09d0f52db003d646b73c2be56857b8ee6a,-
BRDA:344,0,e2fa31ed28194e24f4f5e2925daa2f09d0f52db003d646b73c2be56857b8ee6a,-
BRDA:345,0,e2fa31ed28194e24f4f5e2925daa2f09d0f52db003d646b73c2be56857b8ee6a,-
BRDA:346,0,e2fa31ed28194e24f4f5e2925daa2f09d0f52db003d646b73c2be56857b8ee6a,-
BRDA:347,0,e2fa31ed28194e24f4f5e2925daa2f09d0f52db003d646b73c2be56857b8ee6a,-
BRDA:348,0,e2fa31ed28194e24f4f5e2925daa2f09d0f52db003d646b73c2be56857b8ee6a,-
BRDA:349,0,e2fa31ed28194e24f4f5e2925daa2f09d0f52db003d646b73c2be56857b8ee6a,-
BRDA:350,0,e2fa31ed28194e24f4f5e2925daa2f09d0f52db003d646b73c2be56857b8ee6a,-
BRDA:351,0,e2fa31ed28194e24f4f5e2925daa2f09d0f52db003d646b73c2be56857b8ee6a,-
BRDA:352,0,e2fa31ed28194e24f4f5e2925daa2f09d0f52db003d646b73c2be56857b8ee6a,-
BRDA:353,0,e2fa31ed28194e24f4f5e2925daa2f09d0f52db003d646b73c2be56857b8ee6a,-
BRDA:354,0,e2fa31ed28194e24f4f5e2925daa2f09d0f52db003d646b73c2be56857b8ee6a,-
BRDA:355,0,e2fa31ed28194e24f4f5e2925daa2f09d0f52db003d646b73c2be56857b8ee6a,-
BRDA:356,0,e2fa31ed28194e24f4f5e2925daa2f09d0f52db003d646b73c2be56857b8ee6a,-
BRDA:357,0,e2fa31ed28194e24f4f5e2925daa2f09d0f52db003d646b73c2be56857b8ee6a,-
BRDA:358,0,e2fa31ed28194e24f4f5e2925daa2f09d0f52db003d646b73c2be56857b8ee6a,-
BRDA:359,0,e2fa31ed28194e24f4f5e2925daa2f09d0f52db003d646b73c2be56857b8ee6a,-
BRDA:344,0,3753d8c902430043ddc5748cbcb27960bc1c35c8ec00dbb3dbeced549a501f45,-
BRDA:345,0,3753d8c902430043ddc5748cbcb27960bc1c35c8ec00dbb3dbeced549a501f45,-
BRDA:346,0,3753d8c902430043ddc5748cbcb27960bc1c35c8ec00dbb3dbeced549a501f45,-
BRDA:347,0,3753d8c902430043ddc5748cbcb27960bc1c35c8ec00dbb3dbeced549a501f45,-
BRDA:348,0,3753d8c902430043ddc5748cbcb27960bc1c35c8ec00dbb3dbeced549a501f45,-
BRDA:345,0,e53b2859f31831290d61262304df403a20b7879928942bde4e05f988d322c059,-
BRDA:346,0,d8a36a4ce8683ad3e264a6d89a0cf8e4d5843ace3f38e5d72bbf0f64c5f780e1,-
BRDA:347,0,56345f0e65cb2d533022b90d37ede6b3c00aee38f5bd70dc2356252f51b73a30,-
BRDA:348,0,bbe8e57d33c24f1d10aa55342071e45b8327a96e3db8a3157826cb2837d6668c,-
BRDA:349,0,bbe8e57d33c24f1d10aa55342071e45b8327a96e3db8a3157826cb2837d6668c,-
BRDA:350,0,bbe8e57d33c24f1d10aa55342071e45b8327a96e3db8a3157826cb2837d6668c,-
BRDA:351,0,bbe8e57d33c24f1d10aa55342071e45b8327a96e3db8a3157826cb2837d6668c,-
BRDA:352,0,bbe8e57d33c24f1d10aa55342071e45b8327a96e3db8a3157826cb2837d6668c,-
BRDA:353,0,bbe8e57d33c24f1d10aa55342071e45b8327a96e3db8a3157826cb2837d6668c,-
BRDA:354,0,bbe8e57d33c24f1d10aa55342071e45b8327a96e3db8a3157826cb2837d6668c,-
BRDA:355,0,bbe8e57d33c24f1d10aa55342071e45b8327a96e3db8a3157826cb2837d6668c,-
BRDA:356,0,bbe8e57d33c24f1d10aa55342071e45b8327a96e3db8a3157826cb2837d6668c,-
BRDA:357,0,bbe8e57d33c24f1d10aa55342071e45b8327a96e3db8a3157826cb2837d6668c,-
BRDA:358,0,bbe8e57d33c24f1d10aa55342071e45b8327a96e3db8a3157826cb2837d6668c,-
BRDA:359,0,bbe8e57d33c24f1d10aa55342071e45b8327a96e3db8a3157826cb2837d6668c,-
BRDA:348,0,d01152747a4eefa70f649b0a4cf179321cccd2ae0a4f57b58bee9bdb404c467f,-
BRDA:349,0,d01152747a4eefa70f649b0a4cf179321cccd2ae0a4f57b58bee9bdb404c467f,-
BRDA:350,0,d01152747a4eefa70f649b0a4cf179321cccd2ae0a4f57b58bee9bdb404c467f,-
BRDA:351,0,d01152747a4eefa70f649b0a4cf179321cccd2ae0a4f57b58bee9bdb404c467f,-
BRDA:352,0,d01152747a4eefa70f649b0a4cf179321cccd2ae0a4f57b58bee9bdb404c467f,-
BRDA:349,0,db4a0cb539597a20779fd8476bec414505a9cf5ce726a7841019fb62253cc074,-
BRDA:350,0,0810d5a3a134ccc6508b258f80df75ad8a0af881abae9d93082dd9e8a32d5843,-
BRDA:351,0,d40d66ccc688359ccd79bcd1df31b36f82800ca2e06581170d30126a690534ed,-
BRDA:352,0,f89bacaa2ec0945194b902232194da451313c13b8b4ef284f5a69583cf260e6e,-
BRDA:353,0,f89bacaa2ec0945194b902232194da451313c13b8b4ef284f5a69583cf260e6e,-
BRDA:354,0,f89bacaa2ec0945194b902232194da451313c13b8b4ef284f5a69583cf260e6e,-
BRDA:355,0,f89bacaa2ec0945194b902232194da451313c13b8b4ef284f5a69583cf260e6e,-
BRDA:356,0,f89bacaa2ec0945194b902232194da451313c13b8b4ef284f5a69583cf260e6e,-
BRDA:357,0,f89bacaa2ec0945194b902232194da451313c13b8b4ef284f5a69583cf260e6e,-
BRDA:358,0,f89bacaa2ec0945194b902232194da451313c13b8b4ef284f5a69583cf260e6e,-
BRDA:359,0,f89bacaa2ec0945194b902232194da451313c13b8b4ef284f5a69583cf260e6e,-
BRDA:353,0,fa5c9ec80e91ce8166e677f00852b4651ec4cecdab587ebfd596fb08c0073643,-
BRDA:354,0,fa5c9ec80e91ce8166e677f00852b4651ec4cecdab587ebfd596fb08c0073643,-
BRDA:355,0,80345da1fef2e17e6ee92a7937ca45939a2d75a6f11cbcc53cdfdf56df46c5f7,-
BRDA:356,0,25b5c543d279435545ae5073cd570339550d959764876614ce9412fb36e63e6d,-
BRDA:357,0,5a67dab4feaef70cba72176e15ed013831e71ec0082f1c608d96e846fa82f1b4,-
BRDA:358,0,ff844aec56ec8328a12023591487b68562055973e21af61d1ccedb1c2941a44c,-
BRDA:358,0,628b8a3b60b05f96ce5f2dffb28e6933560f3844b6621c9afbf03c56e3c37a43,-
BRDA:362,0,9ec45c697bd468fc1bb368c5eb9e3ace8ab7332c36e32cabc855fe444d69192f,-
BRDA:363,0,9ec45c697bd468fc1bb368c5eb9e3ace8ab7332c36e32cabc855fe444d69192f,-
BRDA:364,0,9ec45c697bd468fc1bb368c5eb9e3ace8ab7332c36e32cabc855fe444d69192f,-
BRDA:365,0,f12052fdacedc0c9e27dbddebbeb0d8a9d03f56b4af3012ef69c7b3b92b8fd55,-
BRDA:367,0,63843f845904e62115fd4350b9cef803110973e4785c2f572243f888854fccb2,-
BRDA:368,0,63843f845904e62115fd4350b9cef803110973e4785c2f572243f888854fccb2,-
BRDA:369,0,63843f845904e62115fd4350b9cef803110973e4785c2f572243f888854fccb2,-
BRDA:370,0,f97598a0fb2bd14817032644fdb70a23a73d86e42f51c496df51d462bc719f4d,-
BRDA:371,0,b348c97711a55c063c8835e0ad622c2bda7ec24ebf6e6c7bd5f631ee863da38b,-
BRDA:376,0,0c3ac40b86a74ac6784823ea6a8c287d4b99abe8982763f3b488d61a29b09725,-
BRDA:377,0,bf21ef0febb8e23a3e3cdf6bca86965efc7554be8271ff30a7bc1ca1791697ec,-
BRDA:378,0,ce186728d259399f5db3428369762937e7e2b3acf3af6a15238d0d44746c5c32,-
BRDA:379,0,1204f524becce78ad523159873eb31964bfe79323ffce94ef151e3af30d75795,-
BRDA:380,0,8817140c97a92946887f6670d396119862418851271417ca63bd3b3674ed78ef,-
BRDA:384,0,29ef72d2da5bd777dc4b6d4efae2a3f150927973806e465434f63a3234721433,-
BRDA:385,0,8ffa75ae087996b3c6a3cfcc276d0f1df0f88a371703ccfe0c93b44c9c1d9c7b,-
BRDA:386,0,3fefd3fd6eeac898dac1d8ca5ac600524993b352b1ef59ffe10e8d6ce751856d,-
BRDA:387,0,645c5e8315ef05f3ab3dac4ecfeac3f978fb435fe8a713718ab53a6ddb82ac5a,-
BRDA:393,0,177da1ed9397643a480758ec80896e9bf7f4b4bf15ca98b02ccd57fb52b8fbcb,-
BRH:0
BRF:641
DA:93,0
DA:94,0
DA:95,0
DA:96,0
DA:97,0
DA:98,0
DA:103,0
DA:104,0
DA:105,0
DA:109,0
DA:110,0
DA:115,0
DA:116,0
DA:117,0
DA:118,0
DA:119,0
DA:120,0
DA:124,0
DA:125,0
DA:126,0
DA:127,0
DA:128,0
DA:129,0
DA:133,0
DA:134,0
DA:135,0
DA:136,0
DA:137,0
DA:138,0
DA:139,0
DA:140,0
DA:141,0
DA:150,0
DA:151,0
DA:152,0
DA:153,0
DA:154,0
DA:155,0
DA:156,0
DA:157,0
DA:158,0
DA:159,0
DA:160,0
DA:161,0
DA:162,0
DA:163,0
DA:164,0
DA:165,0
DA:166,0
DA:167,0
DA:168,0
DA:169,0
DA:170,0
DA:171,0
DA:172,0
DA:173,0
DA:174,0
DA:175,0
DA:176,0
DA:177,0
DA:178,0
DA:179,0
DA:180,0
DA:181,0
DA:182,0
DA:183,0
DA:184,0
DA:185,0
DA:186,0
DA:193,0
DA:194,0
DA:195,0
DA:196,0
DA:197,0
DA:198,0
DA:199,0
DA:200,0
DA:201,0
DA:202,0
DA:203,0
DA:204,0
DA:205,0
DA:206,0
DA:207,0
DA:208,0
DA:209,0
DA:210,0
DA:211,0
DA:212,0
DA:213,0
DA:214,0
DA:215,0
DA:216,0
DA:217,0
DA:218,0
DA:219,0
DA:220,0
DA:221,0
DA:222,0
DA:223,0
DA:224,0
DA:225,0
DA:226,0
DA:227,0
DA:228,0
DA:229,0
DA:230,0
DA:231,0
DA:232,0
DA:233,0
DA:234,0
DA:235,0
DA:236,0
DA:237,0
DA:238,0
DA:243,0
DA:244,0
DA:245,0
DA:246,0
DA:247,0
DA:248,0
DA:249,0
DA:250,0
DA:254,0
DA:255,0
DA:256,0
DA:257,0
DA:258,0
DA:259,0
DA:260,0
DA:261,0
DA:262,0
DA:267,0
DA:268,0
DA:269,0
DA:270,0
DA:271,0
DA:272,0
DA:273,0
DA:274,0
DA:275,0
DA:276,0
DA:277,0
DA:278,0
DA:279,0
DA:280,0
DA:281,0
DA:282,0
DA:283,0
DA:284,0
DA:285,0
DA:286,0
DA:287,0
DA:288,0
DA:289,0
DA:290,0
DA:291,0
DA:292,0
DA:293,0
DA:294,0
DA:295,0
DA:296,0
DA:297,0
DA:298,0
DA:299,0
DA:300,0
DA:301,0
DA:302,0
DA:303,0
DA:304,0
DA:305,0
DA:306,0
DA:307,0
DA:308,0
DA:309,0
DA:310,0
DA:311,0
DA:312,0
DA:313,0
DA:314,0
DA:315,0
DA:316,0
DA:317,0
DA:318,0
DA:319,0
DA:320,0
DA:321,0
DA:322,0
DA:323,0
DA:324,0
DA:325,0
DA:326,0
DA:327,0
DA:328,0
DA:329,0
DA:330,0
DA:331,0
DA:332,0
DA:333,0
DA:334,0
DA:335,0
DA:336,0
DA:337,0
DA:338,0
DA:339,0
DA:340,0
DA:341,0
DA:342,0
DA:343,0
DA:344,0
DA:345,0
DA:346,0
DA:347,0
DA:348,0
DA:349,0
DA:350,0
DA:351,0
DA:352,0
DA:353,0
DA:354,0
DA:355,0
DA:356,0
DA:357,0
DA:358,0
DA:359,0
DA:360,0
DA:361,0
DA:362,0
DA:363,0
DA:364,0
DA:365,0
DA:366,0
DA:367,0
DA:368,0
DA:369,0
DA:370,0
DA:371,0
DA:376,0
DA:377,0
DA:378,0
DA:379,0
DA:380,0
DA:384,0
DA:385,0
DA:386,0
DA:387,0
DA:393,0
LH:0
LF:247
end_of_record
